Amazon discussions - ExamTopics Forum-1
Amazon discussions - ExamTopics Forum-2
Amazon discussions - ExamTopics Forum-3
Exam AWS Certified Solutions Architect - Professional SAP-C02 topic 1   171     99150   2023-11-25 07:07:00     /discussions/amazon/view/99150-exam-aws-certified-solutions-architect-professional-sap-c02/ Same question found !!!
data_id=868499, new_data_id=868499, fname=aws/SAP_C02/SAP2-Q0171.html
Recent discussion post : 2023-11-17 08:26:00 ==> 2023-11-25 07:07:00
Exam AWS Certified Solutions Architect - Professional SAP-C02 topic 1   172     99151   2023-11-25 07:10:00     /discussions/amazon/view/99151-exam-aws-certified-solutions-architect-professional-sap-c02/ Same question found !!!
data_id=868500, new_data_id=868500, fname=aws/SAP_C02/SAP2-Q0172.html
Recent discussion post : 2023-07-04 18:37:00 ==> 2023-11-25 07:10:00
Exam AWS Certified Solutions Architect - Professional SAP-C02 topic 1   174     99153   2023-11-25 07:17:00     /discussions/amazon/view/99153-exam-aws-certified-solutions-architect-professional-sap-c02/ Same question found !!!
data_id=868502, new_data_id=868502, fname=aws/SAP_C02/SAP2-Q0174.html
Recent discussion post : 2023-07-04 22:02:00 ==> 2023-11-25 07:17:00
Exam AWS Certified Solutions Architect - Professional SAP-C02 topic 1   175     99154   2023-11-25 07:29:00     /discussions/amazon/view/99154-exam-aws-certified-solutions-architect-professional-sap-c02/ Same question found !!!
data_id=868503, new_data_id=868503, fname=aws/SAP_C02/SAP2-Q0175.html
Recent discussion post : 2023-11-01 17:43:00 ==> 2023-11-25 07:29:00
Exam AWS Certified Solutions Architect - Professional SAP-C02 topic 1   176     99155   2023-11-25 07:35:00     /discussions/amazon/view/99155-exam-aws-certified-solutions-architect-professional-sap-c02/ Same question found !!!
data_id=868504, new_data_id=868504, fname=aws/SAP_C02/SAP2-Q0176.html
Recent discussion post : 2023-07-12 15:28:00 ==> 2023-11-25 07:35:00
Exam AWS Certified Solutions Architect - Professional SAP-C02 topic 1   177     99304   2023-11-25 07:38:00     /discussions/amazon/view/99304-exam-aws-certified-solutions-architect-professional-sap-c02/ Same question found !!!
data_id=868505, new_data_id=868505, fname=aws/SAP_C02/SAP2-Q0177.html
Recent discussion post : 2023-11-17 11:45:00 ==> 2023-11-25 07:38:00
Exam AWS Certified Solutions Architect - Professional SAP-C02 topic 1   18      91203   2023-11-25 08:03:00     /discussions/amazon/view/91203-exam-aws-certified-solutions-architect-professional-sap-c02/ Same question found !!!
data_id=856133, new_data_id=856133, fname=aws/SAP_C02/SAP2-Q0018.html
Recent discussion post : 2023-10-03 11:46:00 ==> 2023-11-25 08:03:00
Exam AWS Certified Solutions Architect - Professional SAP-C02 topic 1   362     126828  2023-11-25 08:22:00     /discussions/amazon/view/126828-exam-aws-certified-solutions-architect-professional-sap-c02/ Same question found !!!
data_id=903064, new_data_id=903064, fname=aws/SAP_C02/SAP2-Q0362.html
Recent discussion post : 2023-11-22 07:40:00 ==> 2023-11-25 08:22:00
Exam AWS Certified Solutions Architect - Professional SAP-C02 topic 1   361     126827  2023-11-25 08:41:00     /discussions/amazon/view/126827-exam-aws-certified-solutions-architect-professional-sap-c02/ Same question found !!!
data_id=903063, new_data_id=903063, fname=aws/SAP_C02/SAP2-Q0361.html
Recent discussion post : 2023-11-24 14:48:00 ==> 2023-11-25 08:41:00
Exam AWS Certified Solutions Architect - Professional SAP-C02 topic 1   360     126826  2023-11-25 08:49:00     /discussions/amazon/view/126826-exam-aws-certified-solutions-architect-professional-sap-c02/ Same question found !!!
data_id=903062, new_data_id=903062, fname=aws/SAP_C02/SAP2-Q0360.html
Recent discussion post : 2023-11-22 07:37:00 ==> 2023-11-25 08:49:00
Exam AWS Certified DevOps Engineer - Professional DOP-C02 topic 1       100     108805  2023-11-25 09:03:00     /discussions/amazon/view/108805-exam-aws-certified-devops-engineer-professional-dop-c02/ Same question found !!!
data_id=883155, new_data_id=883155, fname=aws/DOP_C02/DOP2-Q0100.html
Recent discussion post : 2023-11-05 14:41:00 ==> 2023-11-25 09:03:00
Exam AWS Certified Solutions Architect - Professional SAP-C02 topic 1   87      95381   2023-11-25 09:07:00     /discussions/amazon/view/95381-exam-aws-certified-solutions-architect-professional-sap-c02/ Same question found !!!
data_id=861805, new_data_id=861805, fname=aws/SAP_C02/SAP2-Q0087.html
Recent discussion post : 2023-09-19 17:06:00 ==> 2023-11-25 09:07:00
Exam AWS Certified Cloud Practitioner CLF-C02 topic 1   83      123420  2023-11-25 09:07:00     /discussions/amazon/view/123420-exam-aws-certified-cloud-practitioner-clf-c02-topic-1/ Same question found !!!
Recent discussion post : 2023-11-17 01:57:00 ==> 2023-11-25 09:07:00
Exam AWS Certified Solutions Architect - Professional SAP-C02 topic 1   358     127001  2023-11-25 09:10:00     /discussions/amazon/view/127001-exam-aws-certified-solutions-architect-professional-sap-c02/ Same question found !!!
data_id=903060, new_data_id=903060, fname=aws/SAP_C02/SAP2-Q0358.html
Recent discussion post : 2023-11-23 12:45:00 ==> 2023-11-25 09:10:00
Exam AWS Certified Solutions Architect - Professional SAP-C02 topic 1   159     97671   2023-11-25 09:13:00     /discussions/amazon/view/97671-exam-aws-certified-solutions-architect-professional-sap-c02/ Same question found !!!
data_id=867251, new_data_id=867251, fname=aws/SAP_C02/SAP2-Q0159.html
Recent discussion post : 2023-08-19 17:33:00 ==> 2023-11-25 09:13:00
Exam AWS Certified Solutions Architect - Professional SAP-C02 topic 1   357     126920  2023-11-25 09:14:00     /discussions/amazon/view/126920-exam-aws-certified-solutions-architect-professional-sap-c02/ Same question found !!!
data_id=903059, new_data_id=903059, fname=aws/SAP_C02/SAP2-Q0357.html
Recent discussion post : 2023-11-23 12:43:00 ==> 2023-11-25 09:14:00
Exam AWS Certified Cloud Practitioner CLF-C02 topic 1   87      123618  2023-11-25 09:21:00     /discussions/amazon/view/123618-exam-aws-certified-cloud-practitioner-clf-c02-topic-1/ Same question found !!!
Recent discussion post : 2023-11-23 20:09:00 ==> 2023-11-25 09:21:00
Exam AWS Certified Solutions Architect - Professional SAP-C02 topic 1   353     126822  2023-11-25 09:28:00     /discussions/amazon/view/126822-exam-aws-certified-solutions-architect-professional-sap-c02/ Same question found !!!
data_id=903055, new_data_id=903055, fname=aws/SAP_C02/SAP2-Q0353.html
Recent discussion post : 2023-11-22 12:54:00 ==> 2023-11-25 09:28:00
Exam AWS Certified Cloud Practitioner CLF-C02 topic 1   101     123729  2023-11-25 09:28:00     /discussions/amazon/view/123729-exam-aws-certified-cloud-practitioner-clf-c02-topic-1/ Same question found !!!
Recent discussion post : 2023-11-24 21:32:00 ==> 2023-11-25 09:28:00
Exam AWS Certified Solutions Architect - Professional SAP-C02 topic 1   91      95385   2023-11-25 09:29:00     /discussions/amazon/view/95385-exam-aws-certified-solutions-architect-professional-sap-c02/ Same question found !!!
data_id=861809, new_data_id=861809, fname=aws/SAP_C02/SAP2-Q0091.html
Recent discussion post : 2023-10-01 07:34:00 ==> 2023-11-25 09:29:00
Exam AWS Certified Cloud Practitioner CLF-C02 topic 1   104     123681  2023-11-25 09:31:00     /discussions/amazon/view/123681-exam-aws-certified-cloud-practitioner-clf-c02-topic-1/ Same question found !!!
Recent discussion post : 2023-11-24 09:11:00 ==> 2023-11-25 09:31:00
Exam AWS Certified Database - Specialty topic 1 34      25720   2023-11-25 09:43:00     /discussions/amazon/view/25720-exam-aws-certified-database-specialty-topic-1-question-34/ Same question found !!!
data_id=807276, new_data_id=807276, fname=aws/DBS/DBS-Q0034.html
Recent discussion post : 2023-08-02 09:21:00 ==> 2023-11-25 09:43:00
Exam AWS Certified Security - Specialty SCS-C02 topic 1 84      127059  2023-11-25 10:02:00     /discussions/amazon/view/127059-exam-aws-certified-security-specialty-scs-c02-topic-1/ Same question found !!!
Recent discussion post : 2023-11-25 01:21:00 ==> 2023-11-25 10:02:00
Exam AWS Certified Cloud Practitioner CLF-C02 topic 1   99      123623  2023-11-25 10:07:00     /discussions/amazon/view/123623-exam-aws-certified-cloud-practitioner-clf-c02-topic-1/ Same question found !!!
Recent discussion post : 2023-11-24 09:04:00 ==> 2023-11-25 10:07:00
Exam AWS Certified Security - Specialty SCS-C02 topic 1 91      127068  2023-11-25 10:57:00     /discussions/amazon/view/127068-exam-aws-certified-security-specialty-scs-c02-topic-1/ Same question found !!!
Recent discussion post : 2023-11-23 21:37:00 ==> 2023-11-25 10:57:00
Exam AWS Certified Security - Specialty SCS-C02 topic 1 92      127069  2023-11-25 11:02:00     /discussions/amazon/view/127069-exam-aws-certified-security-specialty-scs-c02-topic-1/ Same question found !!!
Recent discussion post : 2023-11-23 21:39:00 ==> 2023-11-25 11:02:00
Exam AWS Certified Security - Specialty SCS-C02 topic 1 93      127070  2023-11-25 11:04:00     /discussions/amazon/view/127070-exam-aws-certified-security-specialty-scs-c02-topic-1/ Same question found !!!
Recent discussion post : 2023-11-23 21:41:00 ==> 2023-11-25 11:04:00
Exam AWS Certified Security - Specialty SCS-C02 topic 1 94      127071  2023-11-25 11:09:00     /discussions/amazon/view/127071-exam-aws-certified-security-specialty-scs-c02-topic-1/ Same question found !!!
Recent discussion post : 2023-11-23 21:43:00 ==> 2023-11-25 11:09:00
Exam AWS Certified Security - Specialty SCS-C02 topic 1 95      127072  2023-11-25 11:10:00     /discussions/amazon/view/127072-exam-aws-certified-security-specialty-scs-c02-topic-1/ Same question found !!!
Recent discussion post : 2023-11-23 21:45:00 ==> 2023-11-25 11:10:00
Exam AWS Certified Security - Specialty SCS-C02 topic 1 96      127073  2023-11-25 11:14:00     /discussions/amazon/view/127073-exam-aws-certified-security-specialty-scs-c02-topic-1/ Same question found !!!
Recent discussion post : 2023-11-23 21:47:00 ==> 2023-11-25 11:14:00
Exam AWS Certified Security - Specialty SCS-C02 topic 1 88      127064  2023-11-25 11:16:00     /discussions/amazon/view/127064-exam-aws-certified-security-specialty-scs-c02-topic-1/ Same question found !!!
Recent discussion post : 2023-11-23 21:32:00 ==> 2023-11-25 11:16:00
Exam AWS Certified Security - Specialty SCS-C02 topic 1 97      127074  2023-11-25 11:18:00     /discussions/amazon/view/127074-exam-aws-certified-security-specialty-scs-c02-topic-1/ Same question found !!!
Recent discussion post : 2023-11-23 21:48:00 ==> 2023-11-25 11:18:00
Exam AWS Certified Security - Specialty SCS-C02 topic 1 98      127150  2023-11-25 11:20:00     /discussions/amazon/view/127150-exam-aws-certified-security-specialty-scs-c02-topic-1/ New question found !!!
Exam AWS Certified Security - Specialty SCS-C02 topic 1 99      127075  2023-11-25 11:22:00     /discussions/amazon/view/127075-exam-aws-certified-security-specialty-scs-c02-topic-1/ Same question found !!!
Recent discussion post : 2023-11-23 21:51:00 ==> 2023-11-25 11:22:00
Exam AWS Certified Security - Specialty SCS-C02 topic 1 100     127151  2023-11-25 11:25:00     /discussions/amazon/view/127151-exam-aws-certified-security-specialty-scs-c02-topic-1/ New question found !!!
Exam AWS Certified Security - Specialty SCS-C02 topic 1 101     127076  2023-11-25 11:28:00     /discussions/amazon/view/127076-exam-aws-certified-security-specialty-scs-c02-topic-1/ Same question found !!!
Recent discussion post : 2023-11-23 21:55:00 ==> 2023-11-25 11:28:00
Exam AWS Certified Security - Specialty SCS-C02 topic 1 102     127077  2023-11-25 11:29:00     /discussions/amazon/view/127077-exam-aws-certified-security-specialty-scs-c02-topic-1/ Same question found !!!
Recent discussion post : 2023-11-23 21:56:00 ==> 2023-11-25 11:29:00
Exam AWS Certified Security - Specialty SCS-C02 topic 1 103     127078  2023-11-25 11:40:00     /discussions/amazon/view/127078-exam-aws-certified-security-specialty-scs-c02-topic-1/ Same question found !!!
Recent discussion post : 2023-11-23 21:58:00 ==> 2023-11-25 11:40:00
Exam AWS Certified Security - Specialty SCS-C02 topic 1 104     127152  2023-11-25 11:42:00     /discussions/amazon/view/127152-exam-aws-certified-security-specialty-scs-c02-topic-1/ New question found !!!
Exam AWS Certified Security - Specialty SCS-C02 topic 1 105     127079  2023-11-25 11:47:00     /discussions/amazon/view/127079-exam-aws-certified-security-specialty-scs-c02-topic-1/ Same question found !!!
Recent discussion post : 2023-11-23 22:00:00 ==> 2023-11-25 11:47:00
Exam AWS Certified Security - Specialty SCS-C02 topic 1 106     127080  2023-11-25 11:48:00     /discussions/amazon/view/127080-exam-aws-certified-security-specialty-scs-c02-topic-1/ Same question found !!!
Recent discussion post : 2023-11-23 22:05:00 ==> 2023-11-25 11:48:00
Exam AWS Certified Security - Specialty SCS-C02 topic 1 107     127081  2023-11-25 11:50:00     /discussions/amazon/view/127081-exam-aws-certified-security-specialty-scs-c02-topic-1/ Same question found !!!
Recent discussion post : 2023-11-23 22:08:00 ==> 2023-11-25 11:50:00
Exam AWS Certified Security - Specialty SCS-C02 topic 1 108     127134  2023-11-25 11:54:00     /discussions/amazon/view/127134-exam-aws-certified-security-specialty-scs-c02-topic-1/ Same question found !!!
Recent discussion post : 2023-11-25 01:04:00 ==> 2023-11-25 11:54:00
Exam AWS Certified Security - Specialty SCS-C02 topic 1 109     127082  2023-11-25 11:58:00     /discussions/amazon/view/127082-exam-aws-certified-security-specialty-scs-c02-topic-1/ Same question found !!!
Recent discussion post : 2023-11-25 01:02:00 ==> 2023-11-25 11:58:00
Exam AWS Certified Cloud Practitioner CLF-C02 topic 1   107     123730  2023-11-25 12:01:00     /discussions/amazon/view/123730-exam-aws-certified-cloud-practitioner-clf-c02-topic-1/ Same question found !!!
Recent discussion post : 2023-11-10 01:09:00 ==> 2023-11-25 12:01:00
Exam AWS Certified Security - Specialty SCS-C02 topic 1 110     127083  2023-11-25 12:11:00     /discussions/amazon/view/127083-exam-aws-certified-security-specialty-scs-c02-topic-1/ Same question found !!!
Recent discussion post : 2023-11-23 22:12:00 ==> 2023-11-25 12:11:00
Exam AWS Certified Cloud Practitioner CLF-C02 topic 1   121     125718  2023-11-25 12:19:00     /discussions/amazon/view/125718-exam-aws-certified-cloud-practitioner-clf-c02-topic-1/ Same question found !!!
Recent discussion post : 2023-11-19 19:08:00 ==> 2023-11-25 12:19:00
Exam AWS Certified Security - Specialty SCS-C02 topic 1 111     127084  2023-11-25 12:19:00     /discussions/amazon/view/127084-exam-aws-certified-security-specialty-scs-c02-topic-1/ Same question found !!!
Recent discussion post : 2023-11-23 22:20:00 ==> 2023-11-25 12:19:00
Exam AWS DevOps Engineer Professional topic 1   155     95456   2023-11-25 12:20:00     /discussions/amazon/view/95456-exam-aws-devops-engineer-professional-topic-1-question-155/ Same question found !!!
Recent discussion post : 2023-10-20 18:33:00 ==> 2023-11-25 12:20:00
Exam AWS Certified Security - Specialty SCS-C02 topic 1 112     127087  2023-11-25 12:23:00     /discussions/amazon/view/127087-exam-aws-certified-security-specialty-scs-c02-topic-1/ Same question found !!!
Recent discussion post : 2023-11-23 22:31:00 ==> 2023-11-25 12:23:00
Exam AWS Certified Security - Specialty SCS-C02 topic 1 113     127088  2023-11-25 12:27:00     /discussions/amazon/view/127088-exam-aws-certified-security-specialty-scs-c02-topic-1/ Same question found !!!
Recent discussion post : 2023-11-23 22:35:00 ==> 2023-11-25 12:27:00
Exam AWS Certified Security - Specialty SCS-C02 topic 1 114     127154  2023-11-25 12:39:00     /discussions/amazon/view/127154-exam-aws-certified-security-specialty-scs-c02-topic-1/ New question found !!!
Exam AWS Certified Security - Specialty SCS-C02 topic 1 115     127089  2023-11-25 12:47:00     /discussions/amazon/view/127089-exam-aws-certified-security-specialty-scs-c02-topic-1/ Same question found !!!
Recent discussion post : 2023-11-23 22:44:00 ==> 2023-11-25 12:47:00
Exam AWS Certified Developer - Associate DVA-C02 topic 1        147     122565  2023-11-25 13:30:00     /discussions/amazon/view/122565-exam-aws-certified-developer-associate-dva-c02-topic-1/ Same question found !!!
data_id=898361, new_data_id=898361, fname=aws/DVA_C02/DVA2-Q0147.html
Recent discussion post : 2023-10-25 00:36:00 ==> 2023-11-25 13:30:00
Exam AWS Certified Solutions Architect - Professional SAP-C02 topic 1   350     127000  2023-11-25 15:37:00     /discussions/amazon/view/127000-exam-aws-certified-solutions-architect-professional-sap-c02/ Same question found !!!
data_id=903052, new_data_id=903052, fname=aws/SAP_C02/SAP2-Q0350.html
Recent discussion post : 2023-11-23 12:18:00 ==> 2023-11-25 15:37:00
Exam AWS Certified DevOps Engineer - Professional DOP-C02 topic 1       134     112699  2023-11-25 15:48:00     /discussions/amazon/view/112699-exam-aws-certified-devops-engineer-professional-dop-c02/ Same question found !!!
data_id=888980, new_data_id=888980, fname=aws/DOP_C02/DOP2-Q0134.html
Recent discussion post : 2023-11-17 05:01:00 ==> 2023-11-25 15:48:00
Exam AWS Certified Machine Learning - Specialty topic 1 1       43814   2023-11-25 16:08:00     /discussions/amazon/view/43814-exam-aws-certified-machine-learning-specialty-topic-1/ Same question found !!!
Recent discussion post : 2023-11-15 05:19:00 ==> 2023-11-25 16:08:00
Exam AWS Certified Developer - Associate DVA-C02 topic 1        154     122573  2023-11-25 16:14:00     /discussions/amazon/view/122573-exam-aws-certified-developer-associate-dva-c02-topic-1/ Same question found !!!
data_id=898368, new_data_id=898368, fname=aws/DVA_C02/DVA2-Q0154.html
Recent discussion post : 2023-11-15 07:25:00 ==> 2023-11-25 16:14:00
Amazon discussions - ExamTopics Forum-1
Isaca discussions - ExamTopics Forum-1
Exam CISA topic 1	950	127136	2023-11-25 06:28:00	/discussions/isaca/view/127136-exam-cisa-topic-1-question-950-discussion/ New question found !!!
data_id=0, new_data_id=851066, fname=isaca/CISA/CISA-Q0950.html
Exam CISA topic 1	1046	126014	2023-11-25 07:14:00	/discussions/isaca/view/126014-exam-cisa-topic-1-question-1046-discussion/ Same question found !!!
data_id=868494, new_data_id=868494, fname=isaca/CISA/CISA-Q1046.html
Recent discussion post : 2023-11-14 03:31:00 ==> 2023-11-25 07:14:00
Exam CISA topic 1	1062	122010	2023-11-25 07:22:00	/discussions/isaca/view/122010-exam-cisa-topic-1-question-1062-discussion/ Same question found !!!
data_id=873821, new_data_id=873821, fname=isaca/CISA/CISA-Q1062.html
Recent discussion post : 2023-11-14 06:42:00 ==> 2023-11-25 07:22:00
Exam CISA topic 1	770	81032	2023-11-25 07:56:00	/discussions/isaca/view/81032-exam-cisa-topic-1-question-770-discussion/ Same question found !!!
data_id=818795, new_data_id=818795, fname=isaca/CISA/CISA-Q0770.html
Amazon discussions - ExamTopics Forum-1
Isaca discussions - ExamTopics Forum-1
Exam CISA topic 1	770	81032	2023-11-25 07:56:00	/discussions/isaca/view/81032-exam-cisa-topic-1-question-770-discussion/ Same question found !!!
data_id=818795, new_data_id=818795, fname=isaca/CISA/CISA-Q0770.html
Recent discussion post : 2023-07-20 05:53:00 ==> 2023-11-25 07:56:00
Exam CISA topic 1	1142	118519	2023-11-25 09:36:00	/discussions/isaca/view/118519-exam-cisa-topic-1-question-1142-discussion/ Same question found !!!
data_id=877679, new_data_id=877679, fname=isaca/CISA/CISA-Q1142.html
Recent discussion post : 2023-11-14 15:07:00 ==> 2023-11-25 09:36:00
Exam CISM topic 1	867	117791	2023-11-25 10:29:00	/discussions/isaca/view/117791-exam-cism-topic-1-question-867-discussion/ Same question found !!!
data_id=893488, new_data_id=893488, fname=isaca/CISM/CISM-Q0867.html
Recent discussion post : 2023-10-15 07:16:00 ==> 2023-11-25 10:29:00
Exam CISM topic 1	880	120478	2023-11-25 11:07:00	/discussions/isaca/view/120478-exam-cism-topic-1-question-880-discussion/ Same question found !!!
data_id=893501, new_data_id=893501, fname=isaca/CISM/CISM-Q0880.html
Recent discussion post : 2023-11-04 14:54:00 ==> 2023-11-25 11:07:00
Exam CISM topic 1	888	120479	2023-11-25 11:51:00	/discussions/isaca/view/120479-exam-cism-topic-1-question-888-discussion/ Same question found !!!
data_id=893509, new_data_id=893509, fname=isaca/CISM/CISM-Q0888.html
Recent discussion post : 2023-10-04 05:23:00 ==> 2023-11-25 11:51:00
Exam CISM topic 1	181	88347	2023-11-25 15:33:00	/discussions/isaca/view/88347-exam-cism-topic-1-question-181-discussion/ Same question found !!!
data_id=819006, new_data_id=819006, fname=isaca/CISM/CISM-Q0181.html
Recent discussion post : 2023-09-03 07:55:00 ==> 2023-11-25 15:33:00
Amazon discussions - ExamTopics Forum-1
Isaca discussions - ExamTopics Forum-1
Exam CISA topic 1	920	115575	2023-11-25 06:04:00	/discussions/isaca/view/115575-exam-cisa-topic-1-question-920-discussion/ Same question found !!!
data_id=850954, new_data_id=850954, fname=isaca/CISA/CISA-Q0920.html
Recent discussion post : 2023-09-28 09:22:00 ==> 2023-11-25 06:04:00
Exam CISA topic 1	573	49537	2023-11-25 06:22:00	/discussions/isaca/view/49537-exam-cisa-topic-1-question-573-discussion/ New question found !!!
data_id=0, new_data_id=818598, fname=isaca/CISA/CISA-Q0573.html
Exam CISA topic 1	950	127136	2023-11-25 06:28:00	/discussions/isaca/view/127136-exam-cisa-topic-1-question-950-discussion/ New question found !!!
data_id=0, new_data_id=851066, fname=isaca/CISA/CISA-Q0950.html
Exam CISA topic 1	1046	126014	2023-11-25 07:14:00	/discussions/isaca/view/126014-exam-cisa-topic-1-question-1046-discussion/ New question found !!!
data_id=0, new_data_id=868494, fname=isaca/CISA/CISA-Q1046.html
Exam CISA topic 1	1062	122010	2023-11-25 07:22:00	/discussions/isaca/view/122010-exam-cisa-topic-1-question-1062-discussion/ New question found !!!
data_id=0, new_data_id=873821, fname=isaca/CISA/CISA-Q1062.html
Exam CISA topic 1	770	81032	2023-11-25 07:56:00	/discussions/isaca/view/81032-exam-cisa-topic-1-question-770-discussion/ New question found !!!
data_id=0, new_data_id=818795, fname=isaca/CISA/CISA-Q0770.html
Exam CISA topic 1	1142	118519	2023-11-25 09:36:00	/discussions/isaca/view/118519-exam-cisa-topic-1-question-1142-discussion/ New question found !!!
data_id=0, new_data_id=877679, fname=isaca/CISA/CISA-Q1142.html
Exam CISM topic 1	867	117791	2023-11-25 10:29:00	/discussions/isaca/view/117791-exam-cism-topic-1-question-867-discussion/ New question found !!!
data_id=0, new_data_id=893488, fname=isaca/CISM/CISM-Q0867.html
Exam CISM topic 1	880	120478	2023-11-25 11:07:00	/discussions/isaca/view/120478-exam-cism-topic-1-question-880-discussion/ New question found !!!
data_id=0, new_data_id=893501, fname=isaca/CISM/CISM-Q0880.html
Exam CISM topic 1	888	120479	2023-11-25 11:51:00	/discussions/isaca/view/120479-exam-cism-topic-1-question-888-discussion/ New question found !!!
data_id=0, new_data_id=893509, fname=isaca/CISM/CISM-Q0888.html
Exam CISM topic 1	181	88347	2023-11-25 15:33:00	/discussions/isaca/view/88347-exam-cism-topic-1-question-181-discussion/ New question found !!!
data_id=0, new_data_id=819006, fname=isaca/CISM/CISM-Q0181.html
Amazon discussions - ExamTopics Forum-1
Exam AWS Certified Cloud Practitioner CLF-C02 topic 1	184	126222	2023-11-25 16:18:00	/discussions/amazon/view/126222-exam-aws-certified-cloud-practitioner-clf-c02-topic-1/ Same question found !!!
Recent discussion post : 2023-11-15 11:40:00 ==> 2023-11-25 16:18:00
Exam AWS Certified Solutions Architect - Professional SAP-C02 topic 1	341	126769	2023-11-25 16:21:00	/discussions/amazon/view/126769-exam-aws-certified-solutions-architect-professional-sap-c02/ Same question found !!!
data_id=903043, new_data_id=903043, fname=aws/SAP_C02/SAP2-Q0341.html
Recent discussion post : 2023-11-21 22:12:00 ==> 2023-11-25 16:21:00
Exam AWS Certified Solutions Architect - Professional SAP-C02 topic 1	340	126768	2023-11-25 16:31:00	/discussions/amazon/view/126768-exam-aws-certified-solutions-architect-professional-sap-c02/ Same question found !!!
data_id=903042, new_data_id=903042, fname=aws/SAP_C02/SAP2-Q0340.html
Recent discussion post : 2023-11-23 10:57:00 ==> 2023-11-25 16:31:00
Exam AWS Certified Solutions Architect - Professional SAP-C02 topic 1	21	91245	2023-11-25 16:59:00	/discussions/amazon/view/91245-exam-aws-certified-solutions-architect-professional-sap-c02/ Same question found !!!
data_id=856136, new_data_id=856136, fname=aws/SAP_C02/SAP2-Q0021.html
Recent discussion post : 2023-11-09 15:17:00 ==> 2023-11-25 16:59:00
Exam AWS Certified Security - Specialty SCS-C02 topic 1	74	127047	2023-11-25 17:05:00	/discussions/amazon/view/127047-exam-aws-certified-security-specialty-scs-c02-topic-1/ Same question found !!!
Recent discussion post : 2023-11-25 06:41:00 ==> 2023-11-25 17:05:00
Exam AWS Certified SysOps Administrator - Associate topic 1	62	51032	2023-11-25 17:40:00	/discussions/amazon/view/51032-exam-aws-certified-sysops-administrator-associate-topic-1/ Same question found !!!
data_id=809803, new_data_id=809803, fname=aws/SOA_C02/SOA2-Q0062.html
Recent discussion post : 2023-06-14 15:43:00 ==> 2023-11-25 17:40:00
Exam AWS Certified Solutions Architect - Professional SAP-C02 topic 1	330	126758	2023-11-25 17:42:00	/discussions/amazon/view/126758-exam-aws-certified-solutions-architect-professional-sap-c02/ Same question found !!!
data_id=903032, new_data_id=903032, fname=aws/SAP_C02/SAP2-Q0330.html
Recent discussion post : 2023-11-22 15:52:00 ==> 2023-11-25 17:42:00
Exam AWS Certified Solutions Architect - Professional SAP-C02 topic 1	329	126757	2023-11-25 18:07:00	/discussions/amazon/view/126757-exam-aws-certified-solutions-architect-professional-sap-c02/ Same question found !!!
data_id=903031, new_data_id=903031, fname=aws/SAP_C02/SAP2-Q0329.html
Recent discussion post : 2023-11-23 07:02:00 ==> 2023-11-25 18:07:00
Exam AWS Certified Solutions Architect - Professional SAP-C02 topic 1	326	126818	2023-11-25 18:17:00	/discussions/amazon/view/126818-exam-aws-certified-solutions-architect-professional-sap-c02/ Same question found !!!
data_id=903028, new_data_id=903028, fname=aws/SAP_C02/SAP2-Q0326.html
Recent discussion post : 2023-11-24 09:13:00 ==> 2023-11-25 18:17:00
Exam AWS Certified Cloud Practitioner CLF-C02 topic 1	186	126744	2023-11-25 18:18:00	/discussions/amazon/view/126744-exam-aws-certified-cloud-practitioner-clf-c02-topic-1/ Same question found !!!
Recent discussion post : 2023-11-23 19:38:00 ==> 2023-11-25 18:18:00
Exam AWS Certified Cloud Practitioner CLF-C02 topic 1	188	127193	2023-11-25 18:22:00	/discussions/amazon/view/127193-exam-aws-certified-cloud-practitioner-clf-c02-topic-1/ New question found !!!
Exam AWS Certified Solutions Architect - Professional SAP-C02 topic 1	324	126754	2023-11-25 18:32:00	/discussions/amazon/view/126754-exam-aws-certified-solutions-architect-professional-sap-c02/ Same question found !!!
data_id=903026, new_data_id=903026, fname=aws/SAP_C02/SAP2-Q0324.html
Recent discussion post : 2023-11-22 21:05:00 ==> 2023-11-25 18:32:00
Exam AWS Certified Solutions Architect - Professional SAP-C02 topic 1	323	126753	2023-11-25 18:37:00	/discussions/amazon/view/126753-exam-aws-certified-solutions-architect-professional-sap-c02/ Same question found !!!
data_id=903025, new_data_id=903025, fname=aws/SAP_C02/SAP2-Q0323.html
Recent discussion post : 2023-11-22 14:58:00 ==> 2023-11-25 18:37:00
Exam AWS Certified Security - Specialty SCS-C02 topic 1	78	127052	2023-11-25 18:39:00	/discussions/amazon/view/127052-exam-aws-certified-security-specialty-scs-c02-topic-1/ Same question found !!!
Recent discussion post : 2023-11-24 20:43:00 ==> 2023-11-25 18:39:00
Exam AWS Certified Solutions Architect - Professional SAP-C02 topic 1	322	124867	2023-11-25 18:40:00	/discussions/amazon/view/124867-exam-aws-certified-solutions-architect-professional-sap-c02/ Same question found !!!
data_id=900088, new_data_id=900088, fname=aws/SAP_C02/SAP2-Q0322.html
Recent discussion post : 2023-11-01 12:22:00 ==> 2023-11-25 18:40:00
Exam AWS Certified Security - Specialty SCS-C02 topic 1	79	127053	2023-11-25 18:44:00	/discussions/amazon/view/127053-exam-aws-certified-security-specialty-scs-c02-topic-1/ Same question found !!!
Recent discussion post : 2023-11-24 20:45:00 ==> 2023-11-25 18:44:00
Isaca discussions - ExamTopics Forum-1
Exam CISM topic 1	825	109913	2023-11-25 15:39:00	/discussions/isaca/view/109913-exam-cism-topic-1-question-825-discussion/ Same question found !!!
data_id=883936, new_data_id=883936, fname=isaca/CISM/CISM-Q0825.html
Recent discussion post : 2023-11-22 22:12:00 ==> 2023-11-25 15:39:00
Exam CISM topic 1	839	112383	2023-11-25 16:30:00	/discussions/isaca/view/112383-exam-cism-topic-1-question-839-discussion/ Same question found !!!
data_id=883950, new_data_id=883950, fname=isaca/CISM/CISM-Q0839.html
Recent discussion post : 2023-09-10 17:09:00 ==> 2023-11-25 16:30:00
Exam CISM topic 1	840	114776	2023-11-25 16:33:00	/discussions/isaca/view/114776-exam-cism-topic-1-question-840-discussion/ Same question found !!!
data_id=883951, new_data_id=883951, fname=isaca/CISM/CISM-Q0840.html
Recent discussion post : 2023-09-22 03:10:00 ==> 2023-11-25 16:33:00
Exam CISM topic 1	842	114777	2023-11-25 16:37:00	/discussions/isaca/view/114777-exam-cism-topic-1-question-842-discussion/ Same question found !!!
data_id=883953, new_data_id=883953, fname=isaca/CISM/CISM-Q0842.html
Recent discussion post : 2023-10-12 05:05:00 ==> 2023-11-25 16:37:00
Exam CISM topic 1	849	114781	2023-11-25 16:51:00	/discussions/isaca/view/114781-exam-cism-topic-1-question-849-discussion/ Same question found !!!
data_id=883960, new_data_id=883960, fname=isaca/CISM/CISM-Q0849.html
Recent discussion post : 2023-11-22 22:35:00 ==> 2023-11-25 16:51:00
Exam CISM topic 1	858	110474	2023-11-25 17:23:00	/discussions/isaca/view/110474-exam-cism-topic-1-question-858-discussion/ Same question found !!!
data_id=883969, new_data_id=883969, fname=isaca/CISM/CISM-Q0858.html
Recent discussion post : 2023-09-29 20:17:00 ==> 2023-11-25 17:23:00
Exam CISM topic 1	869	117460	2023-11-25 17:56:00	/discussions/isaca/view/117460-exam-cism-topic-1-question-869-discussion/ Same question found !!!
data_id=893490, new_data_id=893490, fname=isaca/CISM/CISM-Q0869.html
Recent discussion post : 2023-10-03 08:38:00 ==> 2023-11-25 17:56:00
Exam CISM topic 1	872	117459	2023-11-25 18:01:00	/discussions/isaca/view/117459-exam-cism-topic-1-question-872-discussion/ Same question found !!!
data_id=893493, new_data_id=893493, fname=isaca/CISM/CISM-Q0872.html
Recent discussion post : 2023-10-03 08:41:00 ==> 2023-11-25 18:01:00
Exam CISM topic 1	873	118577	2023-11-25 18:06:00	/discussions/isaca/view/118577-exam-cism-topic-1-question-873-discussion/ Same question found !!!
data_id=893494, new_data_id=893494, fname=isaca/CISM/CISM-Q0873.html
Recent discussion post : 2023-10-03 08:52:00 ==> 2023-11-25 18:06:00
Exam CISM topic 1	877	122219	2023-11-25 18:29:00	/discussions/isaca/view/122219-exam-cism-topic-1-question-877-discussion/ Same question found !!!
data_id=893498, new_data_id=893498, fname=isaca/CISM/CISM-Q0877.html
Recent discussion post : 2023-10-03 08:57:00 ==> 2023-11-25 18:29:00
Exam CISM topic 1	879	122220	2023-11-25 18:43:00	/discussions/isaca/view/122220-exam-cism-topic-1-question-879-discussion/ Same question found !!!
data_id=893500, new_data_id=893500, fname=isaca/CISM/CISM-Q0879.html
Recent discussion post : 2023-10-20 08:03:00 ==> 2023-11-25 18:43:00
Exam CISM topic 1	880	120478	2023-11-25 18:56:00	/discussions/isaca/view/120478-exam-cism-topic-1-question-880-discussion/ Same question found !!!
data_id=893501, new_data_id=893501, fname=isaca/CISM/CISM-Q0880.html
Recent discussion post : 2023-11-25 11:07:00 ==> 2023-11-25 18:56:00
