210
Amazon discussions - ExamTopics Forum-1
Exam AWS Certified SysOps Administrator - Associate topic 1	183	91071	2023-08-15 05:25:00	/discussions/amazon/view/91071-exam-aws-certified-sysops-administrator-associate-topic-1/ Same question found !!!
Recent discussion post : 2023-08-04 17:21:00 ==> 2023-08-15 05:25:00
Exam AWS Certified SysOps Administrator - Associate topic 1	182	90709	2023-08-15 05:13:00	/discussions/amazon/view/90709-exam-aws-certified-sysops-administrator-associate-topic-1/ Same question found !!!
Recent discussion post : 2023-07-01 05:40:00 ==> 2023-08-15 05:13:00
Exam AWS Certified SysOps Administrator - Associate topic 1	181	91309	2023-08-15 04:57:00	/discussions/amazon/view/91309-exam-aws-certified-sysops-administrator-associate-topic-1/ Same question found !!!
Recent discussion post : 2023-02-25 11:55:00 ==> 2023-08-15 04:57:00
Exam AWS Certified SysOps Administrator - Associate topic 1	178	90952	2023-08-15 04:45:00	/discussions/amazon/view/90952-exam-aws-certified-sysops-administrator-associate-topic-1/ Same question found !!!
Recent discussion post : 2022-12-25 13:13:00 ==> 2023-08-15 04:45:00
Exam AWS Certified Cloud Practitioner topic 1	126	79733	2023-08-15 04:37:00	/discussions/amazon/view/79733-exam-aws-certified-cloud-practitioner-topic-1-question-126/ Same question found !!!
Recent discussion post : 2023-08-08 17:37:00 ==> 2023-08-15 04:37:00
Exam AWS Certified Solutions Architect - Professional SAP-C02 topic 1	229	112974	2023-08-15 04:12:00	/discussions/amazon/view/112974-exam-aws-certified-solutions-architect-professional-sap-c02/ Same question found !!!
10
10
Amazon discussions - ExamTopics Forum-1
Exam AWS Certified SysOps Administrator - Associate topic 1	183	91071	2023-08-15 05:25:00	/discussions/amazon/view/91071-exam-aws-certified-sysops-administrator-associate-topic-1/ Same question found !!!
Recent discussion post : 2023-08-04 17:21:00 ==> 2023-08-15 05:25:00
Exam AWS Certified SysOps Administrator - Associate topic 1	182	90709	2023-08-15 05:13:00	/discussions/amazon/view/90709-exam-aws-certified-sysops-administrator-associate-topic-1/ Same question found !!!
Recent discussion post : 2023-07-01 05:40:00 ==> 2023-08-15 05:13:00
Exam AWS Certified SysOps Administrator - Associate topic 1	181	91309	2023-08-15 04:57:00	/discussions/amazon/view/91309-exam-aws-certified-sysops-administrator-associate-topic-1/ Same question found !!!
Recent discussion post : 2023-02-25 11:55:00 ==> 2023-08-15 04:57:00
Exam AWS Certified SysOps Administrator - Associate topic 1	178	90952	2023-08-15 04:45:00	/discussions/amazon/view/90952-exam-aws-certified-sysops-administrator-associate-topic-1/ Same question found !!!
Recent discussion post : 2022-12-25 13:13:00 ==> 2023-08-15 04:45:00
Exam AWS Certified Cloud Practitioner topic 1	126	79733	2023-08-15 04:37:00	/discussions/amazon/view/79733-exam-aws-certified-cloud-practitioner-topic-1-question-126/ Same question found !!!
Recent discussion post : 2023-08-08 17:37:00 ==> 2023-08-15 04:37:00
Exam AWS Certified Solutions Architect - Professional SAP-C02 topic 1	229	112974	2023-08-15 04:12:00	/discussions/amazon/view/112974-exam-aws-certified-solutions-architect-professional-sap-c02/ Same question found !!!
0
10
Amazon discussions - ExamTopics Forum-1
Exam AWS Certified SysOps Administrator - Associate topic 1	183	91071	2023-08-15 05:25:00	/discussions/amazon/view/91071-exam-aws-certified-sysops-administrator-associate-topic-1/ Same question found !!!
Recent discussion post : 2023-08-04 17:21:00 ==> 2023-08-15 05:25:00
Exam AWS Certified SysOps Administrator - Associate topic 1	182	90709	2023-08-15 05:13:00	/discussions/amazon/view/90709-exam-aws-certified-sysops-administrator-associate-topic-1/ Same question found !!!
Recent discussion post : 2023-07-01 05:40:00 ==> 2023-08-15 05:13:00
Exam AWS Certified SysOps Administrator - Associate topic 1	181	91309	2023-08-15 04:57:00	/discussions/amazon/view/91309-exam-aws-certified-sysops-administrator-associate-topic-1/ Same question found !!!
Recent discussion post : 2023-02-25 11:55:00 ==> 2023-08-15 04:57:00
Exam AWS Certified SysOps Administrator - Associate topic 1	178	90952	2023-08-15 04:45:00	/discussions/amazon/view/90952-exam-aws-certified-sysops-administrator-associate-topic-1/ Same question found !!!
Recent discussion post : 2022-12-25 13:13:00 ==> 2023-08-15 04:45:00
Exam AWS Certified Cloud Practitioner topic 1	126	79733	2023-08-15 04:37:00	/discussions/amazon/view/79733-exam-aws-certified-cloud-practitioner-topic-1-question-126/ Same question found !!!
Recent discussion post : 2023-08-08 17:37:00 ==> 2023-08-15 04:37:00
Exam AWS Certified Solutions Architect - Professional SAP-C02 topic 1	229	112974	2023-08-15 04:12:00	/discussions/amazon/view/112974-exam-aws-certified-solutions-architect-professional-sap-c02/ Same question found !!!
0
0
Amazon discussions - ExamTopics Forum-1
Exam AWS Certified SysOps Administrator - Associate topic 1	183	91071	2023-08-15 05:25:00	/discussions/amazon/view/91071-exam-aws-certified-sysops-administrator-associate-topic-1/ Same question found !!!
Recent discussion post : 2023-08-04 17:21:00 ==> 2023-08-15 05:25:00
Exam AWS Certified SysOps Administrator - Associate topic 1	182	90709	2023-08-15 05:13:00	/discussions/amazon/view/90709-exam-aws-certified-sysops-administrator-associate-topic-1/ Same question found !!!
Recent discussion post : 2023-07-01 05:40:00 ==> 2023-08-15 05:13:00
Exam AWS Certified SysOps Administrator - Associate topic 1	181	91309	2023-08-15 04:57:00	/discussions/amazon/view/91309-exam-aws-certified-sysops-administrator-associate-topic-1/ Same question found !!!
Recent discussion post : 2023-02-25 11:55:00 ==> 2023-08-15 04:57:00
Exam AWS Certified SysOps Administrator - Associate topic 1	178	90952	2023-08-15 04:45:00	/discussions/amazon/view/90952-exam-aws-certified-sysops-administrator-associate-topic-1/ Same question found !!!
Recent discussion post : 2022-12-25 13:13:00 ==> 2023-08-15 04:45:00
Exam AWS Certified Cloud Practitioner topic 1	126	79733	2023-08-15 04:37:00	/discussions/amazon/view/79733-exam-aws-certified-cloud-practitioner-topic-1-question-126/ Same question found !!!
Recent discussion post : 2023-08-08 17:37:00 ==> 2023-08-15 04:37:00
Exam AWS Certified Solutions Architect - Professional SAP-C02 topic 1	229	112974	2023-08-15 04:12:00	/discussions/amazon/view/112974-exam-aws-certified-solutions-architect-professional-sap-c02/ Same question found !!!
210
0
Amazon discussions - ExamTopics Forum-1
Exam AWS Certified SysOps Administrator - Associate topic 1	183	91071	2023-08-15 05:25:00	/discussions/amazon/view/91071-exam-aws-certified-sysops-administrator-associate-topic-1/ Same question found !!!
Recent discussion post : 2023-08-04 17:21:00 ==> 2023-08-15 05:25:00
Exam AWS Certified SysOps Administrator - Associate topic 1	182	90709	2023-08-15 05:13:00	/discussions/amazon/view/90709-exam-aws-certified-sysops-administrator-associate-topic-1/ Same question found !!!
Recent discussion post : 2023-07-01 05:40:00 ==> 2023-08-15 05:13:00
Exam AWS Certified SysOps Administrator - Associate topic 1	181	91309	2023-08-15 04:57:00	/discussions/amazon/view/91309-exam-aws-certified-sysops-administrator-associate-topic-1/ Same question found !!!
Recent discussion post : 2023-02-25 11:55:00 ==> 2023-08-15 04:57:00
Exam AWS Certified SysOps Administrator - Associate topic 1	178	90952	2023-08-15 04:45:00	/discussions/amazon/view/90952-exam-aws-certified-sysops-administrator-associate-topic-1/ Same question found !!!
Recent discussion post : 2022-12-25 13:13:00 ==> 2023-08-15 04:45:00
Exam AWS Certified Cloud Practitioner topic 1	126	79733	2023-08-15 04:37:00	/discussions/amazon/view/79733-exam-aws-certified-cloud-practitioner-topic-1-question-126/ Same question found !!!
Recent discussion post : 2023-08-08 17:37:00 ==> 2023-08-15 04:37:00
Exam AWS Certified Solutions Architect - Professional SAP-C02 topic 1	229	112974	2023-08-15 04:12:00	/discussions/amazon/view/112974-exam-aws-certified-solutions-architect-professional-sap-c02/ Same question found !!!
10
10
Amazon discussions - ExamTopics Forum-1
Exam AWS Certified SysOps Administrator - Associate topic 1	183	91071	2023-08-15 05:25:00	/discussions/amazon/view/91071-exam-aws-certified-sysops-administrator-associate-topic-1/ Same question found !!!
Recent discussion post : 2023-08-04 17:21:00 ==> 2023-08-15 05:25:00
Exam AWS Certified SysOps Administrator - Associate topic 1	182	90709	2023-08-15 05:13:00	/discussions/amazon/view/90709-exam-aws-certified-sysops-administrator-associate-topic-1/ Same question found !!!
Recent discussion post : 2023-07-01 05:40:00 ==> 2023-08-15 05:13:00
Exam AWS Certified SysOps Administrator - Associate topic 1	181	91309	2023-08-15 04:57:00	/discussions/amazon/view/91309-exam-aws-certified-sysops-administrator-associate-topic-1/ Same question found !!!
Recent discussion post : 2023-02-25 11:55:00 ==> 2023-08-15 04:57:00
Exam AWS Certified SysOps Administrator - Associate topic 1	178	90952	2023-08-15 04:45:00	/discussions/amazon/view/90952-exam-aws-certified-sysops-administrator-associate-topic-1/ Same question found !!!
Recent discussion post : 2022-12-25 13:13:00 ==> 2023-08-15 04:45:00
Exam AWS Certified Cloud Practitioner topic 1	126	79733	2023-08-15 04:37:00	/discussions/amazon/view/79733-exam-aws-certified-cloud-practitioner-topic-1-question-126/ Same question found !!!
Recent discussion post : 2023-08-08 17:37:00 ==> 2023-08-15 04:37:00
Exam AWS Certified Solutions Architect - Professional SAP-C02 topic 1	229	112974	2023-08-15 04:12:00	/discussions/amazon/view/112974-exam-aws-certified-solutions-architect-professional-sap-c02/ Same question found !!!
0
Recent discussion post : 2023-07-29 15:25:00 ==> 2023-08-15 04:12:00
Exam AWS Certified Cloud Practitioner topic 1	9	78425	2023-08-15 01:05:00	/discussions/amazon/view/78425-exam-aws-certified-cloud-practitioner-topic-1-question-9/ Same question found !!!
Recent discussion post : 2023-08-04 08:38:00 ==> 2023-08-15 01:05:00
Exam AWS Certified SysOps Administrator - Associate topic 1	38	79126	2023-08-15 01:04:00	/discussions/amazon/view/79126-exam-aws-certified-sysops-administrator-associate-topic-1/ Same question found !!!
Recent discussion post : 2023-07-29 12:13:00 ==> 2023-08-15 01:04:00
Exam AWS Certified Cloud Practitioner topic 1	144	72905	2023-08-15 00:41:00	/discussions/amazon/view/72905-exam-aws-certified-cloud-practitioner-topic-1-question-144/ Same question found !!!
Recent discussion post : 2023-08-02 07:18:00 ==> 2023-08-15 00:41:00
Exam AWS Certified SysOps Administrator - Associate topic 1	318	110756	2023-08-15 00:14:00	/discussions/amazon/view/110756-exam-aws-certified-sysops-administrator-associate-topic-1/ Same question found !!!
Recent discussion post : 2023-07-31 14:12:00 ==> 2023-08-15 00:14:00
Exam AWS Certified Cloud Practitioner topic 1	439	90868	2023-08-15 00:00:00	/discussions/amazon/view/90868-exam-aws-certified-cloud-practitioner-topic-1-question-439/ Same question found !!!
Recent discussion post : 2023-08-04 08:13:00 ==> 2023-08-15 00:00:00
Exam AWS Certified SysOps Administrator - Associate topic 1	23	78903	2023-08-14 23:52:00	/discussions/amazon/view/78903-exam-aws-certified-sysops-administrator-associate-topic-1/ Same question found !!!
Recent discussion post : 2023-08-09 06:10:00 ==> 2023-08-14 23:52:00
Exam AWS Certified Database - Specialty topic 1	308	115086	2023-08-14 23:51:00	/discussions/amazon/view/115086-exam-aws-certified-database-specialty-topic-1-question-308/ Same question found !!!
0
210
Amazon discussions - ExamTopics Forum-1
Exam AWS Certified SysOps Administrator - Associate topic 1	183	91071	2023-08-15 05:25:00	/discussions/amazon/view/91071-exam-aws-certified-sysops-administrator-associate-topic-1/ Same question found !!!
Recent discussion post : 2023-08-04 17:21:00 ==> 2023-08-15 05:25:00
Exam AWS Certified SysOps Administrator - Associate topic 1	182	90709	2023-08-15 05:13:00	/discussions/amazon/view/90709-exam-aws-certified-sysops-administrator-associate-topic-1/ Same question found !!!
Recent discussion post : 2023-07-01 05:40:00 ==> 2023-08-15 05:13:00
Exam AWS Certified SysOps Administrator - Associate topic 1	181	91309	2023-08-15 04:57:00	/discussions/amazon/view/91309-exam-aws-certified-sysops-administrator-associate-topic-1/ Same question found !!!
Recent discussion post : 2023-02-25 11:55:00 ==> 2023-08-15 04:57:00
Exam AWS Certified SysOps Administrator - Associate topic 1	178	90952	2023-08-15 04:45:00	/discussions/amazon/view/90952-exam-aws-certified-sysops-administrator-associate-topic-1/ Same question found !!!
Recent discussion post : 2022-12-25 13:13:00 ==> 2023-08-15 04:45:00
Exam AWS Certified Cloud Practitioner topic 1	126	79733	2023-08-15 04:37:00	/discussions/amazon/view/79733-exam-aws-certified-cloud-practitioner-topic-1-question-126/ Same question found !!!
Recent discussion post : 2023-08-08 17:37:00 ==> 2023-08-15 04:37:00
Exam AWS Certified Solutions Architect - Professional SAP-C02 topic 1	229	112974	2023-08-15 04:12:00	/discussions/amazon/view/112974-exam-aws-certified-solutions-architect-professional-sap-c02/ Same question found !!!
10
Recent discussion post : 2023-07-29 15:25:00 ==> 2023-08-15 04:12:00
Exam AWS Certified Cloud Practitioner topic 1	9	78425	2023-08-15 01:05:00	/discussions/amazon/view/78425-exam-aws-certified-cloud-practitioner-topic-1-question-9/ Same question found !!!
Recent discussion post : 2023-08-04 08:38:00 ==> 2023-08-15 01:05:00
Exam AWS Certified SysOps Administrator - Associate topic 1	38	79126	2023-08-15 01:04:00	/discussions/amazon/view/79126-exam-aws-certified-sysops-administrator-associate-topic-1/ Same question found !!!
Recent discussion post : 2023-07-29 12:13:00 ==> 2023-08-15 01:04:00
Exam AWS Certified Cloud Practitioner topic 1	144	72905	2023-08-15 00:41:00	/discussions/amazon/view/72905-exam-aws-certified-cloud-practitioner-topic-1-question-144/ Same question found !!!
Recent discussion post : 2023-08-02 07:18:00 ==> 2023-08-15 00:41:00
Exam AWS Certified SysOps Administrator - Associate topic 1	318	110756	2023-08-15 00:14:00	/discussions/amazon/view/110756-exam-aws-certified-sysops-administrator-associate-topic-1/ Same question found !!!
Recent discussion post : 2023-07-31 14:12:00 ==> 2023-08-15 00:14:00
Exam AWS Certified Cloud Practitioner topic 1	439	90868	2023-08-15 00:00:00	/discussions/amazon/view/90868-exam-aws-certified-cloud-practitioner-topic-1-question-439/ Same question found !!!
Recent discussion post : 2023-08-04 08:13:00 ==> 2023-08-15 00:00:00
Exam AWS Certified SysOps Administrator - Associate topic 1	23	78903	2023-08-14 23:52:00	/discussions/amazon/view/78903-exam-aws-certified-sysops-administrator-associate-topic-1/ Same question found !!!
Recent discussion post : 2023-08-09 06:10:00 ==> 2023-08-14 23:52:00
Exam AWS Certified Database - Specialty topic 1	308	115086	2023-08-14 23:51:00	/discussions/amazon/view/115086-exam-aws-certified-database-specialty-topic-1-question-308/ Same question found !!!
0
Recent discussion post : 2023-07-14 00:50:00 ==> 2023-08-14 23:51:00
Exam AWS Certified SysOps Administrator - Associate topic 1	16	78676	2023-08-14 23:07:00	/discussions/amazon/view/78676-exam-aws-certified-sysops-administrator-associate-topic-1/ Same question found !!!
Recent discussion post : 2023-07-09 16:17:00 ==> 2023-08-14 23:07:00
Exam AWS Certified Advanced Networking - Specialty ANS-C01 topic 1	126	111321	2023-08-14 22:48:00	/discussions/amazon/view/111321-exam-aws-certified-advanced-networking-specialty-ans-c01/ Same question found !!!
Recent discussion post : 2023-06-19 19:00:00 ==> 2023-08-14 22:48:00
Exam AWS Certified Cloud Practitioner topic 1	123	79059	2023-08-14 22:27:00	/discussions/amazon/view/79059-exam-aws-certified-cloud-practitioner-topic-1-question-123/ Same question found !!!
Recent discussion post : 2023-07-31 22:16:00 ==> 2023-08-14 22:27:00
Exam AWS Certified Cloud Practitioner topic 1	121	78661	2023-08-14 22:19:00	/discussions/amazon/view/78661-exam-aws-certified-cloud-practitioner-topic-1-question-121/ Same question found !!!
Recent discussion post : 2023-07-31 23:08:00 ==> 2023-08-14 22:19:00
Exam AWS Certified Data Analytics - Specialty topic 1	28	28696	2023-08-14 21:50:00	/discussions/amazon/view/28696-exam-aws-certified-data-analytics-specialty-topic-1-question/ Same question found !!!
Recent discussion post : 2023-08-03 12:03:00 ==> 2023-08-14 21:50:00
Exam AWS Certified Data Analytics - Specialty topic 1	25	28722	2023-08-14 21:30:00	/discussions/amazon/view/28722-exam-aws-certified-data-analytics-specialty-topic-1-question/ Same question found !!!
Recent discussion post : 2023-03-31 13:16:00 ==> 2023-08-14 21:30:00
Exam AWS Certified Machine Learning - Specialty topic 1	224	98308	2023-08-14 21:20:00	/discussions/amazon/view/98308-exam-aws-certified-machine-learning-specialty-topic-1/ Same question found !!!
Recent discussion post : 2023-03-20 11:48:00 ==> 2023-08-14 21:20:00
210
10
Amazon discussions - ExamTopics Forum-1
Exam AWS Certified SysOps Administrator - Associate topic 1	183	91071	2023-08-15 05:25:00	/discussions/amazon/view/91071-exam-aws-certified-sysops-administrator-associate-topic-1/ Same question found !!!
Recent discussion post : 2023-08-04 17:21:00 ==> 2023-08-15 05:25:00
Exam AWS Certified SysOps Administrator - Associate topic 1	182	90709	2023-08-15 05:13:00	/discussions/amazon/view/90709-exam-aws-certified-sysops-administrator-associate-topic-1/ Same question found !!!
Recent discussion post : 2023-07-01 05:40:00 ==> 2023-08-15 05:13:00
Exam AWS Certified SysOps Administrator - Associate topic 1	181	91309	2023-08-15 04:57:00	/discussions/amazon/view/91309-exam-aws-certified-sysops-administrator-associate-topic-1/ Same question found !!!
Recent discussion post : 2023-02-25 11:55:00 ==> 2023-08-15 04:57:00
Exam AWS Certified SysOps Administrator - Associate topic 1	178	90952	2023-08-15 04:45:00	/discussions/amazon/view/90952-exam-aws-certified-sysops-administrator-associate-topic-1/ Same question found !!!
Recent discussion post : 2022-12-25 13:13:00 ==> 2023-08-15 04:45:00
Exam AWS Certified Cloud Practitioner topic 1	126	79733	2023-08-15 04:37:00	/discussions/amazon/view/79733-exam-aws-certified-cloud-practitioner-topic-1-question-126/ Same question found !!!
Recent discussion post : 2023-08-08 17:37:00 ==> 2023-08-15 04:37:00
Exam AWS Certified Solutions Architect - Professional SAP-C02 topic 1	229	112974	2023-08-15 04:12:00	/discussions/amazon/view/112974-exam-aws-certified-solutions-architect-professional-sap-c02/ Same question found !!!
10
0
Amazon discussions - ExamTopics Forum-1
Exam AWS Certified SysOps Administrator - Associate topic 1	183	91071	2023-08-15 05:25:00	/discussions/amazon/view/91071-exam-aws-certified-sysops-administrator-associate-topic-1/ Same question found !!!
Recent discussion post : 2023-08-04 17:21:00 ==> 2023-08-15 05:25:00
Exam AWS Certified SysOps Administrator - Associate topic 1	182	90709	2023-08-15 05:13:00	/discussions/amazon/view/90709-exam-aws-certified-sysops-administrator-associate-topic-1/ Same question found !!!
Recent discussion post : 2023-07-01 05:40:00 ==> 2023-08-15 05:13:00
Exam AWS Certified SysOps Administrator - Associate topic 1	181	91309	2023-08-15 04:57:00	/discussions/amazon/view/91309-exam-aws-certified-sysops-administrator-associate-topic-1/ Same question found !!!
Recent discussion post : 2023-02-25 11:55:00 ==> 2023-08-15 04:57:00
Exam AWS Certified SysOps Administrator - Associate topic 1	178	90952	2023-08-15 04:45:00	/discussions/amazon/view/90952-exam-aws-certified-sysops-administrator-associate-topic-1/ Same question found !!!
Recent discussion post : 2022-12-25 13:13:00 ==> 2023-08-15 04:45:00
Exam AWS Certified Cloud Practitioner topic 1	126	79733	2023-08-15 04:37:00	/discussions/amazon/view/79733-exam-aws-certified-cloud-practitioner-topic-1-question-126/ Same question found !!!
Recent discussion post : 2023-08-08 17:37:00 ==> 2023-08-15 04:37:00
Exam AWS Certified Solutions Architect - Professional SAP-C02 topic 1	229	112974	2023-08-15 04:12:00	/discussions/amazon/view/112974-exam-aws-certified-solutions-architect-professional-sap-c02/ Same question found !!!
210
Recent discussion post : 2023-07-29 15:25:00 ==> 2023-08-15 04:12:00
Exam AWS Certified SysOps Administrator - Associate topic 1	167	87687	2023-08-15 01:40:00	/discussions/amazon/view/87687-exam-aws-certified-sysops-administrator-associate-topic-1/ Same question found !!!
Recent discussion post : 2022-12-13 06:04:00 ==> 2023-08-15 01:40:00
Exam AWS Certified Cloud Practitioner topic 1	9	78425	2023-08-15 01:05:00	/discussions/amazon/view/78425-exam-aws-certified-cloud-practitioner-topic-1-question-9/ Same question found !!!
Recent discussion post : 2023-08-04 08:38:00 ==> 2023-08-15 01:05:00
Exam AWS Certified SysOps Administrator - Associate topic 1	38	79126	2023-08-15 01:04:00	/discussions/amazon/view/79126-exam-aws-certified-sysops-administrator-associate-topic-1/ Same question found !!!
Recent discussion post : 2023-07-29 12:13:00 ==> 2023-08-15 01:04:00
Exam AWS Certified Cloud Practitioner topic 1	144	72905	2023-08-15 00:41:00	/discussions/amazon/view/72905-exam-aws-certified-cloud-practitioner-topic-1-question-144/ Same question found !!!
Recent discussion post : 2023-08-02 07:18:00 ==> 2023-08-15 00:41:00
Exam AWS Certified SysOps Administrator - Associate topic 1	318	110756	2023-08-15 00:14:00	/discussions/amazon/view/110756-exam-aws-certified-sysops-administrator-associate-topic-1/ Same question found !!!
Recent discussion post : 2023-07-31 14:12:00 ==> 2023-08-15 00:14:00
Exam AWS Certified Cloud Practitioner topic 1	439	90868	2023-08-15 00:00:00	/discussions/amazon/view/90868-exam-aws-certified-cloud-practitioner-topic-1-question-439/ Same question found !!!
Recent discussion post : 2023-08-04 08:13:00 ==> 2023-08-15 00:00:00
Exam AWS Certified SysOps Administrator - Associate topic 1	23	78903	2023-08-14 23:52:00	/discussions/amazon/view/78903-exam-aws-certified-sysops-administrator-associate-topic-1/ Same question found !!!
Recent discussion post : 2023-08-09 06:10:00 ==> 2023-08-14 23:52:00
Exam AWS Certified Database - Specialty topic 1	308	115086	2023-08-14 23:51:00	/discussions/amazon/view/115086-exam-aws-certified-database-specialty-topic-1-question-308/ Same question found !!!
10
Recent discussion post : 2023-07-14 00:50:00 ==> 2023-08-14 23:51:00
Exam AWS Certified SysOps Administrator - Associate topic 1	16	78676	2023-08-14 23:07:00	/discussions/amazon/view/78676-exam-aws-certified-sysops-administrator-associate-topic-1/ Same question found !!!
Recent discussion post : 2023-07-09 16:17:00 ==> 2023-08-14 23:07:00
Exam AWS Certified Advanced Networking - Specialty ANS-C01 topic 1	126	111321	2023-08-14 22:48:00	/discussions/amazon/view/111321-exam-aws-certified-advanced-networking-specialty-ans-c01/ Same question found !!!
Recent discussion post : 2023-06-19 19:00:00 ==> 2023-08-14 22:48:00
Exam AWS Certified Cloud Practitioner topic 1	123	79059	2023-08-14 22:27:00	/discussions/amazon/view/79059-exam-aws-certified-cloud-practitioner-topic-1-question-123/ Same question found !!!
Recent discussion post : 2023-07-31 22:16:00 ==> 2023-08-14 22:27:00
Exam AWS Certified Cloud Practitioner topic 1	121	78661	2023-08-14 22:19:00	/discussions/amazon/view/78661-exam-aws-certified-cloud-practitioner-topic-1-question-121/ Same question found !!!
Recent discussion post : 2023-07-31 23:08:00 ==> 2023-08-14 22:19:00
Exam AWS Certified Data Analytics - Specialty topic 1	28	28696	2023-08-14 21:50:00	/discussions/amazon/view/28696-exam-aws-certified-data-analytics-specialty-topic-1-question/ Same question found !!!
Recent discussion post : 2023-08-03 12:03:00 ==> 2023-08-14 21:50:00
Exam AWS Certified Data Analytics - Specialty topic 1	25	28722	2023-08-14 21:30:00	/discussions/amazon/view/28722-exam-aws-certified-data-analytics-specialty-topic-1-question/ Same question found !!!
Recent discussion post : 2023-03-31 13:16:00 ==> 2023-08-14 21:30:00
210
Amazon discussions - ExamTopics Forum-2
Exam AWS Certified Machine Learning - Specialty topic 1	224	98308	2023-08-14 21:20:00	/discussions/amazon/view/98308-exam-aws-certified-machine-learning-specialty-topic-1/ Same question found !!!
Recent discussion post : 2023-03-20 11:48:00 ==> 2023-08-14 21:20:00
Exam AWS Certified Machine Learning - Specialty topic 1	218	98762	2023-08-14 21:00:00	/discussions/amazon/view/98762-exam-aws-certified-machine-learning-specialty-topic-1/ Same question found !!!
Recent discussion post : 2023-08-04 15:37:00 ==> 2023-08-14 21:00:00
Exam AWS Certified SysOps Administrator - Associate topic 1	96	79251	2023-08-14 20:57:00	/discussions/amazon/view/79251-exam-aws-certified-sysops-administrator-associate-topic-1/ Same question found !!!
Recent discussion post : 2023-08-12 13:34:00 ==> 2023-08-14 20:57:00
Exam AWS Certified Solutions Architect - Associate SAA-C03 topic 1	92	85903	2023-08-14 19:59:00	/discussions/amazon/view/85903-exam-aws-certified-solutions-architect-associate-saa-c03/ Same question found !!!
10
*** Error remove_exam_element !!! Message: no such window: target window already closed
from unknown error: web view not found
  (Session info: chrome=115.0.5790.171)
Stacktrace:
Backtrace:
	GetHandleVerifier [0x0106A813+48355]
	(No symbol) [0x00FFC4B1]
	(No symbol) [0x00F05358]
	(No symbol) [0x00EED293]
	(No symbol) [0x00F4E37B]
	(No symbol) [0x00F5C473]
	(No symbol) [0x00F4A536]
	(No symbol) [0x00F282DC]
	(No symbol) [0x00F293DD]
	GetHandleVerifier [0x012CAABD+2539405]
	GetHandleVerifier [0x0130A78F+2800735]
	GetHandleVerifier [0x0130456C+2775612]
	GetHandleVerifier [0x010F51E0+616112]
	(No symbol) [0x01005F8C]
	(No symbol) [0x01002328]
	(No symbol) [0x0100240B]
	(No symbol) [0x00FF4FF7]
	BaseThreadInitThunk [0x76CD00C9+25]
	RtlGetAppContainerNamedObjectPath [0x77837B1E+286]
	RtlGetAppContainerNamedObjectPath [0x77837AEE+238]

210
Amazon discussions - ExamTopics Forum-1
Exam AWS Certified SysOps Administrator - Associate topic 1	183	91071	2023-08-15 05:25:00	/discussions/amazon/view/91071-exam-aws-certified-sysops-administrator-associate-topic-1/ Same question found !!!
Recent discussion post : 2023-08-04 17:21:00 ==> 2023-08-15 05:25:00
Exam AWS Certified SysOps Administrator - Associate topic 1	182	90709	2023-08-15 05:13:00	/discussions/amazon/view/90709-exam-aws-certified-sysops-administrator-associate-topic-1/ Same question found !!!
Recent discussion post : 2023-07-01 05:40:00 ==> 2023-08-15 05:13:00
Exam AWS Certified SysOps Administrator - Associate topic 1	181	91309	2023-08-15 04:57:00	/discussions/amazon/view/91309-exam-aws-certified-sysops-administrator-associate-topic-1/ Same question found !!!
Recent discussion post : 2023-02-25 11:55:00 ==> 2023-08-15 04:57:00
Exam AWS Certified SysOps Administrator - Associate topic 1	178	90952	2023-08-15 04:45:00	/discussions/amazon/view/90952-exam-aws-certified-sysops-administrator-associate-topic-1/ Same question found !!!
Recent discussion post : 2022-12-25 13:13:00 ==> 2023-08-15 04:45:00
Exam AWS Certified Cloud Practitioner topic 1	126	79733	2023-08-15 04:37:00	/discussions/amazon/view/79733-exam-aws-certified-cloud-practitioner-topic-1-question-126/ Same question found !!!
Recent discussion post : 2023-08-08 17:37:00 ==> 2023-08-15 04:37:00
Exam AWS Certified Solutions Architect - Professional SAP-C02 topic 1	229	112974	2023-08-15 04:12:00	/discussions/amazon/view/112974-exam-aws-certified-solutions-architect-professional-sap-c02/ Same question found !!!
0
Recent discussion post : 2023-07-29 15:25:00 ==> 2023-08-15 04:12:00
Exam AWS Certified Cloud Practitioner topic 1	766	106338	2023-08-15 01:58:00	/discussions/amazon/view/106338-exam-aws-certified-cloud-practitioner-topic-1-question-766/ Same question found !!!
Recent discussion post : 2023-04-18 14:02:00 ==> 2023-08-15 01:58:00
Exam AWS Certified SysOps Administrator - Associate topic 1	170	87689	2023-08-15 01:55:00	/discussions/amazon/view/87689-exam-aws-certified-sysops-administrator-associate-topic-1/ Same question found !!!
Recent discussion post : 2022-11-18 11:24:00 ==> 2023-08-15 01:55:00
Exam AWS Certified SysOps Administrator - Associate topic 1	167	87687	2023-08-15 01:40:00	/discussions/amazon/view/87687-exam-aws-certified-sysops-administrator-associate-topic-1/ Same question found !!!
Recent discussion post : 2022-12-13 06:04:00 ==> 2023-08-15 01:40:00
Exam AWS Certified Cloud Practitioner topic 1	9	78425	2023-08-15 01:05:00	/discussions/amazon/view/78425-exam-aws-certified-cloud-practitioner-topic-1-question-9/ Same question found !!!
Recent discussion post : 2023-08-04 08:38:00 ==> 2023-08-15 01:05:00
Exam AWS Certified SysOps Administrator - Associate topic 1	38	79126	2023-08-15 01:04:00	/discussions/amazon/view/79126-exam-aws-certified-sysops-administrator-associate-topic-1/ Same question found !!!
Recent discussion post : 2023-07-29 12:13:00 ==> 2023-08-15 01:04:00
Exam AWS Certified Cloud Practitioner topic 1	144	72905	2023-08-15 00:41:00	/discussions/amazon/view/72905-exam-aws-certified-cloud-practitioner-topic-1-question-144/ Same question found !!!
Recent discussion post : 2023-08-02 07:18:00 ==> 2023-08-15 00:41:00
Exam AWS Certified SysOps Administrator - Associate topic 1	318	110756	2023-08-15 00:14:00	/discussions/amazon/view/110756-exam-aws-certified-sysops-administrator-associate-topic-1/ Same question found !!!
Recent discussion post : 2023-07-31 14:12:00 ==> 2023-08-15 00:14:00
Exam AWS Certified Cloud Practitioner topic 1	439	90868	2023-08-15 00:00:00	/discussions/amazon/view/90868-exam-aws-certified-cloud-practitioner-topic-1-question-439/ Same question found !!!
Recent discussion post : 2023-08-04 08:13:00 ==> 2023-08-15 00:00:00
Exam AWS Certified SysOps Administrator - Associate topic 1	23	78903	2023-08-14 23:52:00	/discussions/amazon/view/78903-exam-aws-certified-sysops-administrator-associate-topic-1/ Same question found !!!
Recent discussion post : 2023-08-09 06:10:00 ==> 2023-08-14 23:52:00
Exam AWS Certified Database - Specialty topic 1	308	115086	2023-08-14 23:51:00	/discussions/amazon/view/115086-exam-aws-certified-database-specialty-topic-1-question-308/ Same question found !!!
10
Recent discussion post : 2023-07-14 00:50:00 ==> 2023-08-14 23:51:00
Exam AWS Certified SysOps Administrator - Associate topic 1	16	78676	2023-08-14 23:07:00	/discussions/amazon/view/78676-exam-aws-certified-sysops-administrator-associate-topic-1/ Same question found !!!
Recent discussion post : 2023-07-09 16:17:00 ==> 2023-08-14 23:07:00
Exam AWS Certified Advanced Networking - Specialty ANS-C01 topic 1	126	111321	2023-08-14 22:48:00	/discussions/amazon/view/111321-exam-aws-certified-advanced-networking-specialty-ans-c01/ Same question found !!!
Recent discussion post : 2023-06-19 19:00:00 ==> 2023-08-14 22:48:00
Exam AWS Certified Cloud Practitioner topic 1	123	79059	2023-08-14 22:27:00	/discussions/amazon/view/79059-exam-aws-certified-cloud-practitioner-topic-1-question-123/ Same question found !!!
Recent discussion post : 2023-07-31 22:16:00 ==> 2023-08-14 22:27:00
Exam AWS Certified Cloud Practitioner topic 1	121	78661	2023-08-14 22:19:00	/discussions/amazon/view/78661-exam-aws-certified-cloud-practitioner-topic-1-question-121/ Same question found !!!
Recent discussion post : 2023-07-31 23:08:00 ==> 2023-08-14 22:19:00
10
10
Amazon discussions - ExamTopics Forum-1
Exam AWS Certified SysOps Administrator - Associate topic 1	183	91071	2023-08-15 05:25:00	/discussions/amazon/view/91071-exam-aws-certified-sysops-administrator-associate-topic-1/ Same question found !!!
Recent discussion post : 2023-08-04 17:21:00 ==> 2023-08-15 05:25:00
Exam AWS Certified SysOps Administrator - Associate topic 1	182	90709	2023-08-15 05:13:00	/discussions/amazon/view/90709-exam-aws-certified-sysops-administrator-associate-topic-1/ Same question found !!!
Recent discussion post : 2023-07-01 05:40:00 ==> 2023-08-15 05:13:00
Exam AWS Certified SysOps Administrator - Associate topic 1	181	91309	2023-08-15 04:57:00	/discussions/amazon/view/91309-exam-aws-certified-sysops-administrator-associate-topic-1/ Same question found !!!
Recent discussion post : 2023-02-25 11:55:00 ==> 2023-08-15 04:57:00
Exam AWS Certified SysOps Administrator - Associate topic 1	178	90952	2023-08-15 04:45:00	/discussions/amazon/view/90952-exam-aws-certified-sysops-administrator-associate-topic-1/ Same question found !!!
Recent discussion post : 2022-12-25 13:13:00 ==> 2023-08-15 04:45:00
Exam AWS Certified Cloud Practitioner topic 1	126	79733	2023-08-15 04:37:00	/discussions/amazon/view/79733-exam-aws-certified-cloud-practitioner-topic-1-question-126/ Same question found !!!
Recent discussion post : 2023-08-08 17:37:00 ==> 2023-08-15 04:37:00
Exam AWS Certified Solutions Architect - Professional SAP-C02 topic 1	229	112974	2023-08-15 04:12:00	/discussions/amazon/view/112974-exam-aws-certified-solutions-architect-professional-sap-c02/ Same question found !!!
210
Recent discussion post : 2023-07-29 15:25:00 ==> 2023-08-15 04:12:00
Exam AWS Certified SysOps Administrator - Associate topic 1	364	115966	2023-08-15 03:04:00	/discussions/amazon/view/115966-exam-aws-certified-sysops-administrator-associate-topic-1/ New question found !!!
Exam AWS Certified Cloud Practitioner topic 1	151	46989	2023-08-15 02:29:00	/discussions/amazon/view/46989-exam-aws-certified-cloud-practitioner-topic-1-question-151/ Same question found !!!
Recent discussion post : 2023-08-03 12:09:00 ==> 2023-08-15 02:29:00
Exam AWS Certified Solutions Architect - Associate SAA-C03 topic 1	193	89134	2023-08-15 02:23:00	/discussions/amazon/view/89134-exam-aws-certified-solutions-architect-associate-saa-c03/ Same question found !!!
0
Recent discussion post : 2023-08-02 22:04:00 ==> 2023-08-15 02:23:00
Exam AWS Certified Cloud Practitioner topic 1	766	106338	2023-08-15 01:58:00	/discussions/amazon/view/106338-exam-aws-certified-cloud-practitioner-topic-1-question-766/ Same question found !!!
Recent discussion post : 2023-04-18 14:02:00 ==> 2023-08-15 01:58:00
Exam AWS Certified SysOps Administrator - Associate topic 1	170	87689	2023-08-15 01:55:00	/discussions/amazon/view/87689-exam-aws-certified-sysops-administrator-associate-topic-1/ Same question found !!!
Recent discussion post : 2022-11-18 11:24:00 ==> 2023-08-15 01:55:00
Exam AWS Certified SysOps Administrator - Associate topic 1	167	87687	2023-08-15 01:40:00	/discussions/amazon/view/87687-exam-aws-certified-sysops-administrator-associate-topic-1/ Same question found !!!
Recent discussion post : 2022-12-13 06:04:00 ==> 2023-08-15 01:40:00
Exam AWS Certified Cloud Practitioner topic 1	9	78425	2023-08-15 01:05:00	/discussions/amazon/view/78425-exam-aws-certified-cloud-practitioner-topic-1-question-9/ Same question found !!!
Recent discussion post : 2023-08-04 08:38:00 ==> 2023-08-15 01:05:00
Exam AWS Certified SysOps Administrator - Associate topic 1	38	79126	2023-08-15 01:04:00	/discussions/amazon/view/79126-exam-aws-certified-sysops-administrator-associate-topic-1/ Same question found !!!
Recent discussion post : 2023-07-29 12:13:00 ==> 2023-08-15 01:04:00
Exam AWS Certified Cloud Practitioner topic 1	144	72905	2023-08-15 00:41:00	/discussions/amazon/view/72905-exam-aws-certified-cloud-practitioner-topic-1-question-144/ Same question found !!!
Recent discussion post : 2023-08-02 07:18:00 ==> 2023-08-15 00:41:00
Exam AWS Certified SysOps Administrator - Associate topic 1	318	110756	2023-08-15 00:14:00	/discussions/amazon/view/110756-exam-aws-certified-sysops-administrator-associate-topic-1/ Same question found !!!
Recent discussion post : 2023-07-31 14:12:00 ==> 2023-08-15 00:14:00
Exam AWS Certified Cloud Practitioner topic 1	439	90868	2023-08-15 00:00:00	/discussions/amazon/view/90868-exam-aws-certified-cloud-practitioner-topic-1-question-439/ Same question found !!!
Recent discussion post : 2023-08-04 08:13:00 ==> 2023-08-15 00:00:00
Exam AWS Certified SysOps Administrator - Associate topic 1	23	78903	2023-08-14 23:52:00	/discussions/amazon/view/78903-exam-aws-certified-sysops-administrator-associate-topic-1/ Same question found !!!
Recent discussion post : 2023-08-09 06:10:00 ==> 2023-08-14 23:52:00
Exam AWS Certified Database - Specialty topic 1	308	115086	2023-08-14 23:51:00	/discussions/amazon/view/115086-exam-aws-certified-database-specialty-topic-1-question-308/ Same question found !!!
0
210
Amazon discussions - ExamTopics Forum-1
Exam AWS Certified SysOps Administrator - Associate topic 1	183	91071	2023-08-15 05:25:00	/discussions/amazon/view/91071-exam-aws-certified-sysops-administrator-associate-topic-1/ Same question found !!!
Recent discussion post : 2023-08-04 17:21:00 ==> 2023-08-15 05:25:00
Exam AWS Certified SysOps Administrator - Associate topic 1	182	90709	2023-08-15 05:13:00	/discussions/amazon/view/90709-exam-aws-certified-sysops-administrator-associate-topic-1/ Same question found !!!
Recent discussion post : 2023-07-01 05:40:00 ==> 2023-08-15 05:13:00
Exam AWS Certified SysOps Administrator - Associate topic 1	181	91309	2023-08-15 04:57:00	/discussions/amazon/view/91309-exam-aws-certified-sysops-administrator-associate-topic-1/ Same question found !!!
Recent discussion post : 2023-02-25 11:55:00 ==> 2023-08-15 04:57:00
Exam AWS Certified SysOps Administrator - Associate topic 1	178	90952	2023-08-15 04:45:00	/discussions/amazon/view/90952-exam-aws-certified-sysops-administrator-associate-topic-1/ Same question found !!!
Recent discussion post : 2022-12-25 13:13:00 ==> 2023-08-15 04:45:00
Exam AWS Certified Cloud Practitioner topic 1	126	79733	2023-08-15 04:37:00	/discussions/amazon/view/79733-exam-aws-certified-cloud-practitioner-topic-1-question-126/ Same question found !!!
Recent discussion post : 2023-08-08 17:37:00 ==> 2023-08-15 04:37:00
Exam AWS Certified Solutions Architect - Professional SAP-C02 topic 1	229	112974	2023-08-15 04:12:00	/discussions/amazon/view/112974-exam-aws-certified-solutions-architect-professional-sap-c02/ Same question found !!!
0
Recent discussion post : 2023-07-29 15:25:00 ==> 2023-08-15 04:12:00
Exam AWS Certified SysOps Administrator - Associate topic 1	371	115983	2023-08-15 03:18:00	/discussions/amazon/view/115983-exam-aws-certified-sysops-administrator-associate-topic-1/ Same question found !!!
Recent discussion post : 2023-07-29 05:39:00 ==> 2023-08-15 03:18:00
Exam AWS Certified SysOps Administrator - Associate topic 1	368	115978	2023-08-15 03:13:00	/discussions/amazon/view/115978-exam-aws-certified-sysops-administrator-associate-topic-1/ Same question found !!!
Recent discussion post : 2023-07-29 05:31:00 ==> 2023-08-15 03:13:00
Exam AWS Certified SysOps Administrator - Associate topic 1	367	115805	2023-08-15 03:11:00	/discussions/amazon/view/115805-exam-aws-certified-sysops-administrator-associate-topic-1/ Same question found !!!
Recent discussion post : 2023-08-05 06:19:00 ==> 2023-08-15 03:11:00
Exam AWS Certified SysOps Administrator - Associate topic 1	366	115969	2023-08-15 03:08:00	/discussions/amazon/view/115969-exam-aws-certified-sysops-administrator-associate-topic-1/ New question found !!!
Exam AWS Certified SysOps Administrator - Associate topic 1	365	115967	2023-08-15 03:06:00	/discussions/amazon/view/115967-exam-aws-certified-sysops-administrator-associate-topic-1/ Same question found !!!
Recent discussion post : 2023-08-09 13:48:00 ==> 2023-08-15 03:06:00
Exam AWS Certified SysOps Administrator - Associate topic 1	364	115966	2023-08-15 03:04:00	/discussions/amazon/view/115966-exam-aws-certified-sysops-administrator-associate-topic-1/ New question found !!!
Exam AWS Certified Cloud Practitioner topic 1	151	46989	2023-08-15 02:29:00	/discussions/amazon/view/46989-exam-aws-certified-cloud-practitioner-topic-1-question-151/ Same question found !!!
Recent discussion post : 2023-08-03 12:09:00 ==> 2023-08-15 02:29:00
Exam AWS Certified Solutions Architect - Associate SAA-C03 topic 1	193	89134	2023-08-15 02:23:00	/discussions/amazon/view/89134-exam-aws-certified-solutions-architect-associate-saa-c03/ Same question found !!!
210
Recent discussion post : 2023-08-02 22:04:00 ==> 2023-08-15 02:23:00
Exam AWS Certified Cloud Practitioner topic 1	766	106338	2023-08-15 01:58:00	/discussions/amazon/view/106338-exam-aws-certified-cloud-practitioner-topic-1-question-766/ Same question found !!!
Recent discussion post : 2023-04-18 14:02:00 ==> 2023-08-15 01:58:00
Exam AWS Certified SysOps Administrator - Associate topic 1	170	87689	2023-08-15 01:55:00	/discussions/amazon/view/87689-exam-aws-certified-sysops-administrator-associate-topic-1/ Same question found !!!
Recent discussion post : 2022-11-18 11:24:00 ==> 2023-08-15 01:55:00
Exam AWS Certified SysOps Administrator - Associate topic 1	167	87687	2023-08-15 01:40:00	/discussions/amazon/view/87687-exam-aws-certified-sysops-administrator-associate-topic-1/ Same question found !!!
Recent discussion post : 2022-12-13 06:04:00 ==> 2023-08-15 01:40:00
Exam AWS Certified Cloud Practitioner topic 1	9	78425	2023-08-15 01:05:00	/discussions/amazon/view/78425-exam-aws-certified-cloud-practitioner-topic-1-question-9/ Same question found !!!
Recent discussion post : 2023-08-04 08:38:00 ==> 2023-08-15 01:05:00
Exam AWS Certified SysOps Administrator - Associate topic 1	38	79126	2023-08-15 01:04:00	/discussions/amazon/view/79126-exam-aws-certified-sysops-administrator-associate-topic-1/ Same question found !!!
Recent discussion post : 2023-07-29 12:13:00 ==> 2023-08-15 01:04:00
Exam AWS Certified Cloud Practitioner topic 1	144	72905	2023-08-15 00:41:00	/discussions/amazon/view/72905-exam-aws-certified-cloud-practitioner-topic-1-question-144/ Same question found !!!
Recent discussion post : 2023-08-02 07:18:00 ==> 2023-08-15 00:41:00
10
10
Amazon discussions - ExamTopics Forum-1
Exam AWS Certified SysOps Administrator - Associate topic 1	183	91071	2023-08-15 05:25:00	/discussions/amazon/view/91071-exam-aws-certified-sysops-administrator-associate-topic-1/ Same question found !!!
Recent discussion post : 2023-08-04 17:21:00 ==> 2023-08-15 05:25:00
Exam AWS Certified SysOps Administrator - Associate topic 1	182	90709	2023-08-15 05:13:00	/discussions/amazon/view/90709-exam-aws-certified-sysops-administrator-associate-topic-1/ Same question found !!!
Recent discussion post : 2023-07-01 05:40:00 ==> 2023-08-15 05:13:00
Exam AWS Certified SysOps Administrator - Associate topic 1	181	91309	2023-08-15 04:57:00	/discussions/amazon/view/91309-exam-aws-certified-sysops-administrator-associate-topic-1/ Same question found !!!
Recent discussion post : 2023-02-25 11:55:00 ==> 2023-08-15 04:57:00
Exam AWS Certified SysOps Administrator - Associate topic 1	178	90952	2023-08-15 04:45:00	/discussions/amazon/view/90952-exam-aws-certified-sysops-administrator-associate-topic-1/ Same question found !!!
Recent discussion post : 2022-12-25 13:13:00 ==> 2023-08-15 04:45:00
Exam AWS Certified Cloud Practitioner topic 1	126	79733	2023-08-15 04:37:00	/discussions/amazon/view/79733-exam-aws-certified-cloud-practitioner-topic-1-question-126/ Same question found !!!
Recent discussion post : 2023-08-08 17:37:00 ==> 2023-08-15 04:37:00
Exam AWS Certified Solutions Architect - Professional SAP-C02 topic 1	229	112974	2023-08-15 04:12:00	/discussions/amazon/view/112974-exam-aws-certified-solutions-architect-professional-sap-c02/ Same question found !!!
0
Recent discussion post : 2023-07-29 15:25:00 ==> 2023-08-15 04:12:00
Exam AWS Certified SysOps Administrator - Associate topic 1	371	115983	2023-08-15 03:18:00	/discussions/amazon/view/115983-exam-aws-certified-sysops-administrator-associate-topic-1/ Same question found !!!
Recent discussion post : 2023-07-29 05:39:00 ==> 2023-08-15 03:18:00
Exam AWS Certified SysOps Administrator - Associate topic 1	368	115978	2023-08-15 03:13:00	/discussions/amazon/view/115978-exam-aws-certified-sysops-administrator-associate-topic-1/ Same question found !!!
Recent discussion post : 2023-07-29 05:31:00 ==> 2023-08-15 03:13:00
Exam AWS Certified SysOps Administrator - Associate topic 1	367	115805	2023-08-15 03:11:00	/discussions/amazon/view/115805-exam-aws-certified-sysops-administrator-associate-topic-1/ Same question found !!!
Recent discussion post : 2023-08-05 06:19:00 ==> 2023-08-15 03:11:00
Exam AWS Certified SysOps Administrator - Associate topic 1	366	115969	2023-08-15 03:08:00	/discussions/amazon/view/115969-exam-aws-certified-sysops-administrator-associate-topic-1/ New question found !!!
Exam AWS Certified SysOps Administrator - Associate topic 1	365	115967	2023-08-15 03:06:00	/discussions/amazon/view/115967-exam-aws-certified-sysops-administrator-associate-topic-1/ Same question found !!!
Recent discussion post : 2023-08-09 13:48:00 ==> 2023-08-15 03:06:00
Exam AWS Certified SysOps Administrator - Associate topic 1	364	115966	2023-08-15 03:04:00	/discussions/amazon/view/115966-exam-aws-certified-sysops-administrator-associate-topic-1/ New question found !!!
Exam AWS Certified Cloud Practitioner topic 1	151	46989	2023-08-15 02:29:00	/discussions/amazon/view/46989-exam-aws-certified-cloud-practitioner-topic-1-question-151/ Same question found !!!
Recent discussion post : 2023-08-03 12:09:00 ==> 2023-08-15 02:29:00
Exam AWS Certified Solutions Architect - Associate SAA-C03 topic 1	193	89134	2023-08-15 02:23:00	/discussions/amazon/view/89134-exam-aws-certified-solutions-architect-associate-saa-c03/ Same question found !!!
0
Recent discussion post : 2023-08-02 22:04:00 ==> 2023-08-15 02:23:00
Exam AWS Certified Cloud Practitioner topic 1	766	106338	2023-08-15 01:58:00	/discussions/amazon/view/106338-exam-aws-certified-cloud-practitioner-topic-1-question-766/ Same question found !!!
Recent discussion post : 2023-04-18 14:02:00 ==> 2023-08-15 01:58:00
Exam AWS Certified SysOps Administrator - Associate topic 1	170	87689	2023-08-15 01:55:00	/discussions/amazon/view/87689-exam-aws-certified-sysops-administrator-associate-topic-1/ Same question found !!!
Recent discussion post : 2022-11-18 11:24:00 ==> 2023-08-15 01:55:00
Exam AWS Certified SysOps Administrator - Associate topic 1	167	87687	2023-08-15 01:40:00	/discussions/amazon/view/87687-exam-aws-certified-sysops-administrator-associate-topic-1/ Same question found !!!
Recent discussion post : 2022-12-13 06:04:00 ==> 2023-08-15 01:40:00
Exam AWS Certified Cloud Practitioner topic 1	9	78425	2023-08-15 01:05:00	/discussions/amazon/view/78425-exam-aws-certified-cloud-practitioner-topic-1-question-9/ Same question found !!!
Recent discussion post : 2023-08-04 08:38:00 ==> 2023-08-15 01:05:00
Exam AWS Certified SysOps Administrator - Associate topic 1	38	79126	2023-08-15 01:04:00	/discussions/amazon/view/79126-exam-aws-certified-sysops-administrator-associate-topic-1/ Same question found !!!
Recent discussion post : 2023-07-29 12:13:00 ==> 2023-08-15 01:04:00
Exam AWS Certified Cloud Practitioner topic 1	144	72905	2023-08-15 00:41:00	/discussions/amazon/view/72905-exam-aws-certified-cloud-practitioner-topic-1-question-144/ Same question found !!!
Recent discussion post : 2023-08-02 07:18:00 ==> 2023-08-15 00:41:00
210
210
Amazon discussions - ExamTopics Forum-1
Exam AWS Certified Security - Specialty topic 1	449	89465	2023-08-15 12:49:00	/discussions/amazon/view/89465-exam-aws-certified-security-specialty-topic-1-question-449/ Same question found !!!
Recent discussion post : 2023-07-02 01:36:00 ==> 2023-08-15 12:49:00
Exam AWS Certified Solutions Architect - Professional SAP-C02 topic 1	265	112800	2023-08-15 12:46:00	/discussions/amazon/view/112800-exam-aws-certified-solutions-architect-professional-sap-c02/ Same question found !!!
0
Recent discussion post : 2023-07-31 00:46:00 ==> 2023-08-15 12:46:00
Exam AWS Certified SysOps Administrator - Associate topic 1	2	50717	2023-08-15 05:45:00	/discussions/amazon/view/50717-exam-aws-certified-sysops-administrator-associate-topic-1/ Same question found !!!
Recent discussion post : 2023-07-09 13:04:00 ==> 2023-08-15 05:45:00
Exam AWS Certified Cloud Practitioner topic 1	164	80195	2023-08-15 05:34:00	/discussions/amazon/view/80195-exam-aws-certified-cloud-practitioner-topic-1-question-164/ Same question found !!!
Recent discussion post : 2023-07-29 12:12:00 ==> 2023-08-15 05:34:00
Exam AWS Certified SysOps Administrator - Associate topic 1	183	91071	2023-08-15 05:25:00	/discussions/amazon/view/91071-exam-aws-certified-sysops-administrator-associate-topic-1/ Same question found !!!
Recent discussion post : 2023-08-04 17:21:00 ==> 2023-08-15 05:25:00
Exam AWS Certified Developer Associate topic 1	394	96492	2023-08-15 05:14:00	/discussions/amazon/view/96492-exam-aws-certified-developer-associate-topic-1-question-394/ Same question found !!!
Recent discussion post : 2023-02-26 09:02:00 ==> 2023-08-15 05:14:00
Exam AWS Certified SysOps Administrator - Associate topic 1	182	90709	2023-08-15 05:13:00	/discussions/amazon/view/90709-exam-aws-certified-sysops-administrator-associate-topic-1/ Same question found !!!
Recent discussion post : 2023-07-01 05:40:00 ==> 2023-08-15 05:13:00
Exam AWS Certified SysOps Administrator - Associate topic 1	181	91309	2023-08-15 04:57:00	/discussions/amazon/view/91309-exam-aws-certified-sysops-administrator-associate-topic-1/ Same question found !!!
Recent discussion post : 2023-02-25 11:55:00 ==> 2023-08-15 04:57:00
Exam AWS Certified Developer - Associate DVA-C02 topic 1	17	102743	2023-08-15 04:47:00	/discussions/amazon/view/102743-exam-aws-certified-developer-associate-dva-c02-topic-1/ Same question found !!!
Recent discussion post : 2023-07-31 16:07:00 ==> 2023-08-15 04:47:00
Exam AWS Certified SysOps Administrator - Associate topic 1	178	90952	2023-08-15 04:45:00	/discussions/amazon/view/90952-exam-aws-certified-sysops-administrator-associate-topic-1/ Same question found !!!
Recent discussion post : 2022-12-25 13:13:00 ==> 2023-08-15 04:45:00
Exam AWS Certified Cloud Practitioner topic 1	126	79733	2023-08-15 04:37:00	/discussions/amazon/view/79733-exam-aws-certified-cloud-practitioner-topic-1-question-126/ Same question found !!!
Recent discussion post : 2023-08-08 17:37:00 ==> 2023-08-15 04:37:00
Exam AWS Certified DevOps Engineer - Professional DOP-C02 topic 1	73	105586	2023-08-15 04:36:00	/discussions/amazon/view/105586-exam-aws-certified-devops-engineer-professional-dop-c02/ Same question found !!!
Recent discussion post : 2023-08-06 17:15:00 ==> 2023-08-15 04:36:00
Exam AWS Certified Developer - Associate DVA-C02 topic 1	9	103334	2023-08-15 04:35:00	/discussions/amazon/view/103334-exam-aws-certified-developer-associate-dva-c02-topic-1/ Same question found !!!
Recent discussion post : 2023-08-11 08:15:00 ==> 2023-08-15 04:35:00
Exam AWS Certified SysOps Administrator - Associate topic 1	176	87694	2023-08-15 04:34:00	/discussions/amazon/view/87694-exam-aws-certified-sysops-administrator-associate-topic-1/ Same question found !!!
Recent discussion post : 2022-12-13 06:29:00 ==> 2023-08-15 04:34:00
Exam AWS Certified SysOps Administrator - Associate topic 1	175	87693	2023-08-15 04:30:00	/discussions/amazon/view/87693-exam-aws-certified-sysops-administrator-associate-topic-1/ Same question found !!!
Recent discussion post : 2022-12-13 06:15:00 ==> 2023-08-15 04:30:00
Exam AWS Certified SysOps Administrator - Associate topic 1	171	88972	2023-08-15 04:20:00	/discussions/amazon/view/88972-exam-aws-certified-sysops-administrator-associate-topic-1/ Same question found !!!
Recent discussion post : 2022-12-13 06:10:00 ==> 2023-08-15 04:20:00
Exam AWS Certified Solutions Architect - Professional SAP-C02 topic 1	229	112974	2023-08-15 04:12:00	/discussions/amazon/view/112974-exam-aws-certified-solutions-architect-professional-sap-c02/ Same question found !!!
210
Recent discussion post : 2023-07-29 15:25:00 ==> 2023-08-15 04:12:00
Exam AWS Certified Solutions Architect - Associate SAA-C03 topic 1	572	117029	2023-08-15 04:00:00	/discussions/amazon/view/117029-exam-aws-certified-solutions-architect-associate-saa-c03/ Same question found !!!
210
Recent discussion post : 2023-08-06 16:27:00 ==> 2023-08-15 04:00:00
Exam AWS Certified Solutions Architect - Professional topic 1	571	28220	2023-08-15 03:57:00	/discussions/amazon/view/28220-exam-aws-certified-solutions-architect-professional-topic-1/ Same question found !!!
10
Recent discussion post : 2022-11-07 14:35:00 ==> 2023-08-15 03:57:00
Exam AWS Certified SysOps Administrator - Associate topic 1	371	115983	2023-08-15 03:18:00	/discussions/amazon/view/115983-exam-aws-certified-sysops-administrator-associate-topic-1/ Same question found !!!
Recent discussion post : 2023-07-29 05:39:00 ==> 2023-08-15 03:18:00
0
Amazon discussions - ExamTopics Forum-2
Exam AWS Certified SysOps Administrator - Associate topic 1	368	115978	2023-08-15 03:13:00	/discussions/amazon/view/115978-exam-aws-certified-sysops-administrator-associate-topic-1/ Same question found !!!
Recent discussion post : 2023-07-29 05:31:00 ==> 2023-08-15 03:13:00
Exam AWS Certified SysOps Administrator - Associate topic 1	367	115805	2023-08-15 03:11:00	/discussions/amazon/view/115805-exam-aws-certified-sysops-administrator-associate-topic-1/ Same question found !!!
Recent discussion post : 2023-08-05 06:19:00 ==> 2023-08-15 03:11:00
Exam AWS Certified SysOps Administrator - Associate topic 1	366	115969	2023-08-15 03:08:00	/discussions/amazon/view/115969-exam-aws-certified-sysops-administrator-associate-topic-1/ New question found !!!
Exam AWS Certified SysOps Administrator - Associate topic 1	365	115967	2023-08-15 03:06:00	/discussions/amazon/view/115967-exam-aws-certified-sysops-administrator-associate-topic-1/ Same question found !!!
Recent discussion post : 2023-08-09 13:48:00 ==> 2023-08-15 03:06:00
Exam AWS Certified SysOps Administrator - Associate topic 1	364	115966	2023-08-15 03:04:00	/discussions/amazon/view/115966-exam-aws-certified-sysops-administrator-associate-topic-1/ New question found !!!
Exam AWS Certified Cloud Practitioner topic 1	151	46989	2023-08-15 02:29:00	/discussions/amazon/view/46989-exam-aws-certified-cloud-practitioner-topic-1-question-151/ Same question found !!!
Recent discussion post : 2023-08-03 12:09:00 ==> 2023-08-15 02:29:00
Exam AWS Certified Solutions Architect - Associate SAA-C03 topic 1	193	89134	2023-08-15 02:23:00	/discussions/amazon/view/89134-exam-aws-certified-solutions-architect-associate-saa-c03/ Same question found !!!
210
Recent discussion post : 2023-08-02 22:04:00 ==> 2023-08-15 02:23:00
Exam AWS Certified Cloud Practitioner topic 1	766	106338	2023-08-15 01:58:00	/discussions/amazon/view/106338-exam-aws-certified-cloud-practitioner-topic-1-question-766/ Same question found !!!
Recent discussion post : 2023-04-18 14:02:00 ==> 2023-08-15 01:58:00
Exam AWS Certified SysOps Administrator - Associate topic 1	170	87689	2023-08-15 01:55:00	/discussions/amazon/view/87689-exam-aws-certified-sysops-administrator-associate-topic-1/ Same question found !!!
Recent discussion post : 2022-11-18 11:24:00 ==> 2023-08-15 01:55:00
Exam AWS Certified SysOps Administrator - Associate topic 1	167	87687	2023-08-15 01:40:00	/discussions/amazon/view/87687-exam-aws-certified-sysops-administrator-associate-topic-1/ Same question found !!!
Recent discussion post : 2022-12-13 06:04:00 ==> 2023-08-15 01:40:00
Exam AWS Certified Cloud Practitioner topic 1	9	78425	2023-08-15 01:05:00	/discussions/amazon/view/78425-exam-aws-certified-cloud-practitioner-topic-1-question-9/ Same question found !!!
Recent discussion post : 2023-08-04 08:38:00 ==> 2023-08-15 01:05:00
Exam AWS Certified SysOps Administrator - Associate topic 1	38	79126	2023-08-15 01:04:00	/discussions/amazon/view/79126-exam-aws-certified-sysops-administrator-associate-topic-1/ Same question found !!!
Recent discussion post : 2023-07-29 12:13:00 ==> 2023-08-15 01:04:00
Exam AWS Certified Cloud Practitioner topic 1	144	72905	2023-08-15 00:41:00	/discussions/amazon/view/72905-exam-aws-certified-cloud-practitioner-topic-1-question-144/ Same question found !!!
Recent discussion post : 2023-08-02 07:18:00 ==> 2023-08-15 00:41:00
Exam AWS Certified SysOps Administrator - Associate topic 1	318	110756	2023-08-15 00:14:00	/discussions/amazon/view/110756-exam-aws-certified-sysops-administrator-associate-topic-1/ Same question found !!!
Recent discussion post : 2023-07-31 14:12:00 ==> 2023-08-15 00:14:00
Exam AWS Certified Cloud Practitioner topic 1	439	90868	2023-08-15 00:00:00	/discussions/amazon/view/90868-exam-aws-certified-cloud-practitioner-topic-1-question-439/ Same question found !!!
Recent discussion post : 2023-08-04 08:13:00 ==> 2023-08-15 00:00:00
Exam AWS Certified SysOps Administrator - Associate topic 1	23	78903	2023-08-14 23:52:00	/discussions/amazon/view/78903-exam-aws-certified-sysops-administrator-associate-topic-1/ Same question found !!!
Recent discussion post : 2023-08-09 06:10:00 ==> 2023-08-14 23:52:00
Exam AWS Certified Database - Specialty topic 1	308	115086	2023-08-14 23:51:00	/discussions/amazon/view/115086-exam-aws-certified-database-specialty-topic-1-question-308/ Same question found !!!
0
*** Error remove_exam_element !!! Message: no such window: target window already closed
from unknown error: web view not found
  (Session info: chrome=115.0.5790.171)
Stacktrace:
Backtrace:
	GetHandleVerifier [0x00C4A813+48355]
	(No symbol) [0x00BDC4B1]
	(No symbol) [0x00AE5358]
	(No symbol) [0x00ACD293]
	(No symbol) [0x00B2E37B]
	(No symbol) [0x00B3C473]
	(No symbol) [0x00B2A536]
	(No symbol) [0x00B082DC]
	(No symbol) [0x00B093DD]
	GetHandleVerifier [0x00EAAABD+2539405]
	GetHandleVerifier [0x00EEA78F+2800735]
	GetHandleVerifier [0x00EE456C+2775612]
	GetHandleVerifier [0x00CD51E0+616112]
	(No symbol) [0x00BE5F8C]
	(No symbol) [0x00BE2328]
	(No symbol) [0x00BE240B]
	(No symbol) [0x00BD4FF7]
	BaseThreadInitThunk [0x76CD00C9+25]
	RtlGetAppContainerNamedObjectPath [0x77837B1E+286]
	RtlGetAppContainerNamedObjectPath [0x77837AEE+238]

